{"/Users/apple/Downloads/sap-project/backend/services/auth-service/src/interfaces/auth.interfaces.ts": {"path":"/Users/apple/Downloads/sap-project/backend/services/auth-service/src/interfaces/auth.interfaces.ts","statementMap":{"0":{"start":{"line":6,"column":0},"end":{"line":6,"column":null}},"1":{"start":{"line":7,"column":2},"end":{"line":7,"column":null}},"2":{"start":{"line":8,"column":2},"end":{"line":8,"column":null}},"3":{"start":{"line":9,"column":2},"end":{"line":9,"column":null}},"4":{"start":{"line":10,"column":2},"end":{"line":10,"column":null}},"5":{"start":{"line":11,"column":2},"end":{"line":11,"column":null}},"6":{"start":{"line":12,"column":2},"end":{"line":12,"column":null}},"7":{"start":{"line":13,"column":2},"end":{"line":13,"column":null}},"8":{"start":{"line":19,"column":0},"end":{"line":19,"column":null}},"9":{"start":{"line":20,"column":2},"end":{"line":20,"column":null}},"10":{"start":{"line":21,"column":2},"end":{"line":21,"column":null}},"11":{"start":{"line":22,"column":2},"end":{"line":22,"column":null}},"12":{"start":{"line":28,"column":0},"end":{"line":28,"column":null}},"13":{"start":{"line":29,"column":2},"end":{"line":29,"column":null}},"14":{"start":{"line":30,"column":2},"end":{"line":30,"column":null}},"15":{"start":{"line":31,"column":2},"end":{"line":31,"column":null}},"16":{"start":{"line":32,"column":2},"end":{"line":32,"column":null}},"17":{"start":{"line":38,"column":0},"end":{"line":38,"column":null}},"18":{"start":{"line":39,"column":2},"end":{"line":39,"column":null}},"19":{"start":{"line":40,"column":2},"end":{"line":40,"column":null}},"20":{"start":{"line":41,"column":2},"end":{"line":41,"column":null}},"21":{"start":{"line":42,"column":2},"end":{"line":42,"column":null}},"22":{"start":{"line":43,"column":2},"end":{"line":43,"column":null}},"23":{"start":{"line":49,"column":0},"end":{"line":49,"column":null}},"24":{"start":{"line":50,"column":2},"end":{"line":50,"column":null}},"25":{"start":{"line":51,"column":2},"end":{"line":51,"column":null}},"26":{"start":{"line":52,"column":2},"end":{"line":52,"column":null}}},"fnMap":{"0":{"name":"(anonymous_0)","decl":{"start":{"line":6,"column":0},"end":{"line":6,"column":12}},"loc":{"start":{"line":6,"column":24},"end":{"line":14,"column":1}}},"1":{"name":"(anonymous_1)","decl":{"start":{"line":19,"column":0},"end":{"line":19,"column":12}},"loc":{"start":{"line":19,"column":19},"end":{"line":23,"column":1}}},"2":{"name":"(anonymous_2)","decl":{"start":{"line":28,"column":0},"end":{"line":28,"column":12}},"loc":{"start":{"line":28,"column":21},"end":{"line":33,"column":1}}},"3":{"name":"(anonymous_3)","decl":{"start":{"line":38,"column":0},"end":{"line":38,"column":12}},"loc":{"start":{"line":38,"column":20},"end":{"line":44,"column":1}}},"4":{"name":"(anonymous_4)","decl":{"start":{"line":49,"column":0},"end":{"line":49,"column":12}},"loc":{"start":{"line":49,"column":27},"end":{"line":53,"column":1}}}},"branchMap":{"0":{"loc":{"start":{"line":6,"column":12},"end":{"line":6,"column":null}},"type":"binary-expr","locations":[{"start":{"line":6,"column":12},"end":{"line":6,"column":24}},{"start":{"line":6,"column":24},"end":{"line":6,"column":null}}]},"1":{"loc":{"start":{"line":19,"column":12},"end":{"line":19,"column":null}},"type":"binary-expr","locations":[{"start":{"line":19,"column":12},"end":{"line":19,"column":19}},{"start":{"line":19,"column":19},"end":{"line":19,"column":null}}]},"2":{"loc":{"start":{"line":28,"column":12},"end":{"line":28,"column":null}},"type":"binary-expr","locations":[{"start":{"line":28,"column":12},"end":{"line":28,"column":21}},{"start":{"line":28,"column":21},"end":{"line":28,"column":null}}]},"3":{"loc":{"start":{"line":38,"column":12},"end":{"line":38,"column":null}},"type":"binary-expr","locations":[{"start":{"line":38,"column":12},"end":{"line":38,"column":20}},{"start":{"line":38,"column":20},"end":{"line":38,"column":null}}]},"4":{"loc":{"start":{"line":49,"column":12},"end":{"line":49,"column":null}},"type":"binary-expr","locations":[{"start":{"line":49,"column":12},"end":{"line":49,"column":27}},{"start":{"line":49,"column":27},"end":{"line":49,"column":null}}]}},"s":{"0":2,"1":2,"2":2,"3":2,"4":2,"5":2,"6":2,"7":2,"8":2,"9":2,"10":2,"11":2,"12":2,"13":2,"14":2,"15":2,"16":2,"17":2,"18":2,"19":2,"20":2,"21":2,"22":2,"23":2,"24":2,"25":2,"26":2},"f":{"0":2,"1":2,"2":2,"3":2,"4":2},"b":{"0":[2,2],"1":[2,2],"2":[2,2],"3":[2,2],"4":[2,2]}}
,"/Users/apple/Downloads/sap-project/backend/services/auth-service/src/mocks/bcrypt.ts": {"path":"/Users/apple/Downloads/sap-project/backend/services/auth-service/src/mocks/bcrypt.ts","statementMap":{"0":{"start":{"line":4,"column":0},"end":{"line":8,"column":2}}},"fnMap":{},"branchMap":{},"s":{"0":1},"f":{},"b":{}}
,"/Users/apple/Downloads/sap-project/backend/services/auth-service/src/models/Token.ts": {"path":"/Users/apple/Downloads/sap-project/backend/services/auth-service/src/models/Token.ts","statementMap":{"0":{"start":{"line":1,"column":0},"end":{"line":1,"column":54}},"1":{"start":{"line":2,"column":0},"end":{"line":2,"column":58}},"2":{"start":{"line":28,"column":28},"end":{"line":64,"column":null}},"3":{"start":{"line":68,"column":0},"end":{"line":68,"column":42}},"4":{"start":{"line":69,"column":0},"end":{"line":69,"column":36}},"5":{"start":{"line":70,"column":0},"end":{"line":70,"column":36}},"6":{"start":{"line":73,"column":0},"end":{"line":73,"column":41}},"7":{"start":{"line":80,"column":0},"end":{"line":88,"column":2}},"8":{"start":{"line":83,"column":2},"end":{"line":87,"column":5}},"9":{"start":{"line":91,"column":0},"end":{"line":101,"column":2}},"10":{"start":{"line":95,"column":2},"end":{"line":100,"column":5}},"11":{"start":{"line":104,"column":0},"end":{"line":112,"column":2}},"12":{"start":{"line":108,"column":2},"end":{"line":111,"column":74}},"13":{"start":{"line":111,"column":48},"end":{"line":111,"column":72}},"14":{"start":{"line":115,"column":0},"end":{"line":128,"column":2}},"15":{"start":{"line":119,"column":37},"end":{"line":119,"column":47}},"16":{"start":{"line":120,"column":2},"end":{"line":122,"column":3}},"17":{"start":{"line":121,"column":4},"end":{"line":121,"column":22}},"18":{"start":{"line":124,"column":2},"end":{"line":127,"column":70}},"19":{"start":{"line":127,"column":48},"end":{"line":127,"column":68}},"20":{"start":{"line":131,"column":0},"end":{"line":135,"column":2}},"21":{"start":{"line":132,"column":2},"end":{"line":134,"column":69}},"22":{"start":{"line":134,"column":48},"end":{"line":134,"column":67}},"23":{"start":{"line":138,"column":0},"end":{"line":138,"column":67}}},"fnMap":{"0":{"name":"(anonymous_9)","decl":{"start":{"line":80,"column":32},"end":{"line":80,"column":null}},"loc":{"start":{"line":81,"column":33},"end":{"line":88,"column":1}}},"1":{"name":"(anonymous_10)","decl":{"start":{"line":91,"column":37},"end":{"line":91,"column":null}},"loc":{"start":{"line":93,"column":17},"end":{"line":101,"column":1}}},"2":{"name":"(anonymous_11)","decl":{"start":{"line":104,"column":34},"end":{"line":104,"column":null}},"loc":{"start":{"line":106,"column":17},"end":{"line":112,"column":1}}},"3":{"name":"(anonymous_12)","decl":{"start":{"line":111,"column":9},"end":{"line":111,"column":10}},"loc":{"start":{"line":111,"column":48},"end":{"line":111,"column":72}}},"4":{"name":"(anonymous_13)","decl":{"start":{"line":115,"column":42},"end":{"line":115,"column":null}},"loc":{"start":{"line":117,"column":18},"end":{"line":128,"column":1}}},"5":{"name":"(anonymous_14)","decl":{"start":{"line":127,"column":9},"end":{"line":127,"column":10}},"loc":{"start":{"line":127,"column":48},"end":{"line":127,"column":68}}},"6":{"name":"(anonymous_15)","decl":{"start":{"line":131,"column":36},"end":{"line":131,"column":null}},"loc":{"start":{"line":131,"column":36},"end":{"line":135,"column":1}}},"7":{"name":"(anonymous_16)","decl":{"start":{"line":134,"column":10},"end":{"line":134,"column":11}},"loc":{"start":{"line":134,"column":48},"end":{"line":134,"column":67}}}},"branchMap":{"0":{"loc":{"start":{"line":81,"column":2},"end":{"line":81,"column":33}},"type":"default-arg","locations":[{"start":{"line":81,"column":31},"end":{"line":81,"column":33}}]},"1":{"loc":{"start":{"line":120,"column":2},"end":{"line":122,"column":3}},"type":"if","locations":[{"start":{"line":120,"column":2},"end":{"line":122,"column":3}}]}},"s":{"0":1,"1":1,"2":1,"3":1,"4":1,"5":1,"6":1,"7":1,"8":0,"9":1,"10":0,"11":1,"12":0,"13":0,"14":1,"15":0,"16":0,"17":0,"18":0,"19":0,"20":1,"21":0,"22":0,"23":1},"f":{"0":0,"1":0,"2":0,"3":0,"4":0,"5":0,"6":0,"7":0},"b":{"0":[0],"1":[0]}}
,"/Users/apple/Downloads/sap-project/backend/services/auth-service/src/models/User.ts": {"path":"/Users/apple/Downloads/sap-project/backend/services/auth-service/src/models/User.ts","statementMap":{"0":{"start":{"line":1,"column":0},"end":{"line":1,"column":51}},"1":{"start":{"line":2,"column":0},"end":{"line":2,"column":28}},"2":{"start":{"line":3,"column":0},"end":{"line":3,"column":71}},"3":{"start":{"line":4,"column":0},"end":{"line":4,"column":null}},"4":{"start":{"line":20,"column":19},"end":{"line":217,"column":2}},"5":{"start":{"line":220,"column":0},"end":{"line":235,"column":3}},"6":{"start":{"line":222,"column":2},"end":{"line":222,"column":50}},"7":{"start":{"line":222,"column":36},"end":{"line":222,"column":50}},"8":{"start":{"line":224,"column":2},"end":{"line":234,"column":3}},"9":{"start":{"line":225,"column":17},"end":{"line":225,"column":41}},"10":{"start":{"line":226,"column":4},"end":{"line":226,"column":69}},"11":{"start":{"line":229,"column":4},"end":{"line":229,"column":42}},"12":{"start":{"line":231,"column":4},"end":{"line":231,"column":11}},"13":{"start":{"line":233,"column":4},"end":{"line":233,"column":25}},"14":{"start":{"line":238,"column":0},"end":{"line":244,"column":2}},"15":{"start":{"line":239,"column":2},"end":{"line":243,"column":3}},"16":{"start":{"line":240,"column":4},"end":{"line":240,"column":76}},"17":{"start":{"line":242,"column":4},"end":{"line":242,"column":16}},"18":{"start":{"line":247,"column":0},"end":{"line":262,"column":2}},"19":{"start":{"line":249,"column":2},"end":{"line":251,"column":3}},"20":{"start":{"line":250,"column":4},"end":{"line":250,"column":16}},"21":{"start":{"line":254,"column":2},"end":{"line":259,"column":3}},"22":{"start":{"line":255,"column":4},"end":{"line":255,"column":31}},"23":{"start":{"line":256,"column":4},"end":{"line":256,"column":40}},"24":{"start":{"line":257,"column":4},"end":{"line":257,"column":98}},"25":{"start":{"line":257,"column":78},"end":{"line":257,"column":96}},"26":{"start":{"line":258,"column":4},"end":{"line":258,"column":17}},"27":{"start":{"line":261,"column":2},"end":{"line":261,"column":15}},"28":{"start":{"line":265,"column":0},"end":{"line":275,"column":2}},"29":{"start":{"line":266,"column":2},"end":{"line":268,"column":3}},"30":{"start":{"line":267,"column":4},"end":{"line":267,"column":17}},"31":{"start":{"line":270,"column":21},"end":{"line":270,"column":64}},"32":{"start":{"line":271,"column":14},"end":{"line":271,"column":24}},"33":{"start":{"line":272,"column":22},"end":{"line":272,"column":98}},"34":{"start":{"line":274,"column":2},"end":{"line":274,"column":34}},"35":{"start":{"line":278,"column":0},"end":{"line":278,"column":36}},"36":{"start":{"line":281,"column":13},"end":{"line":281,"column":61}},"37":{"start":{"line":283,"column":0},"end":{"line":283,"column":20}}},"fnMap":{"0":{"name":"(anonymous_10)","decl":{"start":{"line":220,"column":23},"end":{"line":220,"column":28}},"loc":{"start":{"line":220,"column":42},"end":{"line":235,"column":1}}},"1":{"name":"(anonymous_11)","decl":{"start":{"line":238,"column":37},"end":{"line":238,"column":42}},"loc":{"start":{"line":238,"column":77},"end":{"line":244,"column":1}}},"2":{"name":"(anonymous_12)","decl":{"start":{"line":247,"column":37},"end":{"line":247,"column":null}},"loc":{"start":{"line":247,"column":37},"end":{"line":262,"column":1}}},"3":{"name":"(anonymous_13)","decl":{"start":{"line":257,"column":51},"end":{"line":257,"column":52}},"loc":{"start":{"line":257,"column":78},"end":{"line":257,"column":96}}},"4":{"name":"(anonymous_14)","decl":{"start":{"line":265,"column":42},"end":{"line":265,"column":null}},"loc":{"start":{"line":265,"column":42},"end":{"line":275,"column":1}}}},"branchMap":{"0":{"loc":{"start":{"line":222,"column":2},"end":{"line":222,"column":50}},"type":"if","locations":[{"start":{"line":222,"column":2},"end":{"line":222,"column":50}}]},"1":{"loc":{"start":{"line":249,"column":2},"end":{"line":251,"column":3}},"type":"if","locations":[{"start":{"line":249,"column":2},"end":{"line":251,"column":3}}]},"2":{"loc":{"start":{"line":249,"column":6},"end":{"line":249,"column":91}},"type":"binary-expr","locations":[{"start":{"line":249,"column":6},"end":{"line":249,"column":24}},{"start":{"line":249,"column":28},"end":{"line":249,"column":51}},{"start":{"line":249,"column":55},"end":{"line":249,"column":91}}]},"3":{"loc":{"start":{"line":254,"column":2},"end":{"line":259,"column":3}},"type":"if","locations":[{"start":{"line":254,"column":2},"end":{"line":259,"column":3}}]},"4":{"loc":{"start":{"line":254,"column":6},"end":{"line":254,"column":92}},"type":"binary-expr","locations":[{"start":{"line":254,"column":6},"end":{"line":254,"column":24}},{"start":{"line":254,"column":28},"end":{"line":254,"column":51}},{"start":{"line":254,"column":55},"end":{"line":254,"column":92}}]},"5":{"loc":{"start":{"line":266,"column":2},"end":{"line":268,"column":3}},"type":"if","locations":[{"start":{"line":266,"column":2},"end":{"line":268,"column":3}}]},"6":{"loc":{"start":{"line":266,"column":6},"end":{"line":266,"column":80}},"type":"binary-expr","locations":[{"start":{"line":266,"column":6},"end":{"line":266,"column":31}},{"start":{"line":266,"column":35},"end":{"line":266,"column":80}}]}},"s":{"0":1,"1":1,"2":1,"3":1,"4":1,"5":1,"6":1,"7":0,"8":1,"9":1,"10":1,"11":1,"12":1,"13":0,"14":1,"15":0,"16":0,"17":0,"18":1,"19":0,"20":0,"21":0,"22":0,"23":0,"24":0,"25":0,"26":0,"27":0,"28":1,"29":0,"30":0,"31":0,"32":0,"33":0,"34":0,"35":1,"36":1,"37":1},"f":{"0":1,"1":0,"2":0,"3":0,"4":0},"b":{"0":[0],"1":[0],"2":[0,0,0],"3":[0],"4":[0,0,0],"5":[0],"6":[0,0]}}
}
