TN:
SF:src/interfaces/auth.interfaces.ts
FN:6,(anonymous_0)
FN:19,(anonymous_1)
FN:28,(anonymous_2)
FN:38,(anonymous_3)
FN:49,(anonymous_4)
FNF:5
FNH:5
FNDA:2,(anonymous_0)
FNDA:2,(anonymous_1)
FNDA:2,(anonymous_2)
FNDA:2,(anonymous_3)
FNDA:2,(anonymous_4)
DA:6,2
DA:7,2
DA:8,2
DA:9,2
DA:10,2
DA:11,2
DA:12,2
DA:13,2
DA:19,2
DA:20,2
DA:21,2
DA:22,2
DA:28,2
DA:29,2
DA:30,2
DA:31,2
DA:32,2
DA:38,2
DA:39,2
DA:40,2
DA:41,2
DA:42,2
DA:43,2
DA:49,2
DA:50,2
DA:51,2
DA:52,2
LF:27
LH:27
BRDA:6,0,0,2
BRDA:6,0,1,2
BRDA:19,1,0,2
BRDA:19,1,1,2
BRDA:28,2,0,2
BRDA:28,2,1,2
BRDA:38,3,0,2
BRDA:38,3,1,2
BRDA:49,4,0,2
BRDA:49,4,1,2
BRF:10
BRH:10
end_of_record
TN:
SF:src/mocks/bcrypt.ts
FNF:0
FNH:0
DA:4,1
LF:1
LH:1
BRF:0
BRH:0
end_of_record
TN:
SF:src/models/Token.ts
FN:80,(anonymous_9)
FN:91,(anonymous_10)
FN:104,(anonymous_11)
FN:111,(anonymous_12)
FN:115,(anonymous_13)
FN:127,(anonymous_14)
FN:131,(anonymous_15)
FN:134,(anonymous_16)
FNF:8
FNH:0
FNDA:0,(anonymous_9)
FNDA:0,(anonymous_10)
FNDA:0,(anonymous_11)
FNDA:0,(anonymous_12)
FNDA:0,(anonymous_13)
FNDA:0,(anonymous_14)
FNDA:0,(anonymous_15)
FNDA:0,(anonymous_16)
DA:1,1
DA:2,1
DA:28,1
DA:68,1
DA:69,1
DA:70,1
DA:73,1
DA:80,1
DA:83,0
DA:91,1
DA:95,0
DA:104,1
DA:108,0
DA:111,0
DA:115,1
DA:119,0
DA:120,0
DA:121,0
DA:124,0
DA:127,0
DA:131,1
DA:132,0
DA:134,0
DA:138,1
LF:24
LH:13
BRDA:81,0,0,0
BRDA:120,1,0,0
BRF:2
BRH:0
end_of_record
TN:
SF:src/models/User.ts
FN:220,(anonymous_10)
FN:238,(anonymous_11)
FN:247,(anonymous_12)
FN:257,(anonymous_13)
FN:265,(anonymous_14)
FNF:5
FNH:1
FNDA:1,(anonymous_10)
FNDA:0,(anonymous_11)
FNDA:0,(anonymous_12)
FNDA:0,(anonymous_13)
FNDA:0,(anonymous_14)
DA:1,1
DA:2,1
DA:3,1
DA:4,1
DA:20,1
DA:220,1
DA:222,1
DA:224,1
DA:225,1
DA:226,1
DA:229,1
DA:231,1
DA:233,0
DA:238,1
DA:239,0
DA:240,0
DA:242,0
DA:247,1
DA:249,0
DA:250,0
DA:254,0
DA:255,0
DA:256,0
DA:257,0
DA:258,0
DA:261,0
DA:265,1
DA:266,0
DA:267,0
DA:270,0
DA:271,0
DA:272,0
DA:274,0
DA:278,1
DA:281,1
DA:283,1
LF:36
LH:18
BRDA:222,0,0,0
BRDA:249,1,0,0
BRDA:249,2,0,0
BRDA:249,2,1,0
BRDA:249,2,2,0
BRDA:254,3,0,0
BRDA:254,4,0,0
BRDA:254,4,1,0
BRDA:254,4,2,0
BRDA:266,5,0,0
BRDA:266,6,0,0
BRDA:266,6,1,0
BRF:12
BRH:0
end_of_record
