TN:
SF:src/controllers/analytics.controller.ts
FN:25,(anonymous_0)
FN:36,getContentMetrics
FN:133,getTimeSeriesData
FN:204,(anonymous_3)
FN:281,getCategoryDistribution
FN:312,(anonymous_5)
FN:315,(anonymous_6)
FN:347,getTopContent
FN:386,(anonymous_8)
FN:424,getAuthorPerformance
FN:461,(anonymous_10)
FNF:11
FNH:0
FNDA:0,(anonymous_0)
FNDA:0,getContentMetrics
FNDA:0,getTimeSeriesData
FNDA:0,(anonymous_3)
FNDA:0,getCategoryDistribution
FNDA:0,(anonymous_5)
FNDA:0,(anonymous_6)
FNDA:0,getTopContent
FNDA:0,(anonymous_8)
FNDA:0,getAuthorPerformance
FNDA:0,(anonymous_10)
DA:20,0
DA:25,0
DA:26,0
DA:27,0
DA:37,0
DA:38,0
DA:41,0
DA:42,0
DA:47,0
DA:52,0
DA:56,0
DA:59,0
DA:63,0
DA:66,0
DA:70,0
DA:73,0
DA:76,0
DA:80,0
DA:83,0
DA:88,0
DA:111,0
DA:122,0
DA:123,0
DA:134,0
DA:135,0
DA:138,0
DA:139,0
DA:144,0
DA:148,0
DA:150,0
DA:156,0
DA:158,0
DA:163,0
DA:165,0
DA:169,0
DA:171,0
DA:175,0
DA:177,0
DA:185,0
DA:204,0
DA:207,0
DA:209,0
DA:215,0
DA:218,0
DA:223,0
DA:227,0
DA:228,0
DA:229,0
DA:230,0
DA:233,0
DA:238,0
DA:241,0
DA:249,0
DA:258,0
DA:270,0
DA:271,0
DA:282,0
DA:283,0
DA:286,0
DA:287,0
DA:292,0
DA:297,0
DA:312,0
DA:315,0
DA:324,0
DA:336,0
DA:337,0
DA:348,0
DA:349,0
DA:352,0
DA:353,0
DA:358,0
DA:359,0
DA:363,0
DA:365,0
DA:366,0
DA:368,0
DA:369,0
DA:371,0
DA:372,0
DA:374,0
DA:378,0
DA:386,0
DA:400,0
DA:413,0
DA:414,0
DA:425,0
DA:426,0
DA:429,0
DA:430,0
DA:435,0
DA:461,0
DA:471,0
DA:482,0
DA:483,0
LF:95
LH:0
BRDA:25,0,0,0
BRDA:41,1,0,0
BRDA:41,1,1,0
BRDA:42,2,0,0
BRDA:42,2,1,0
BRDA:56,3,0,0
BRDA:56,3,1,0
BRDA:63,4,0,0
BRDA:63,4,1,0
BRDA:70,5,0,0
BRDA:70,5,1,0
BRDA:80,6,0,0
BRDA:80,6,1,0
BRDA:83,7,0,0
BRDA:83,7,1,0
BRDA:97,8,0,0
BRDA:97,8,1,0
BRDA:97,9,0,0
BRDA:97,9,1,0
BRDA:138,10,0,0
BRDA:138,10,1,0
BRDA:139,11,0,0
BRDA:139,11,1,0
BRDA:144,12,0,0
BRDA:144,12,1,0
BRDA:148,13,0,0
BRDA:148,13,1,0
BRDA:148,13,2,0
BRDA:148,13,3,0
BRDA:148,13,4,0
BRDA:207,14,0,0
BRDA:207,14,1,0
BRDA:207,14,2,0
BRDA:207,14,3,0
BRDA:207,14,4,0
BRDA:251,15,0,0
BRDA:251,15,1,0
BRDA:252,16,0,0
BRDA:252,16,1,0
BRDA:253,17,0,0
BRDA:253,17,1,0
BRDA:254,18,0,0
BRDA:254,18,1,0
BRDA:286,19,0,0
BRDA:286,19,1,0
BRDA:287,20,0,0
BRDA:287,20,1,0
BRDA:292,21,0,0
BRDA:292,21,1,0
BRDA:318,22,0,0
BRDA:318,22,1,0
BRDA:319,23,0,0
BRDA:319,23,1,0
BRDA:320,24,0,0
BRDA:320,24,1,0
BRDA:321,25,0,0
BRDA:321,25,1,0
BRDA:329,26,0,0
BRDA:329,26,1,0
BRDA:352,27,0,0
BRDA:352,27,1,0
BRDA:353,28,0,0
BRDA:353,28,1,0
BRDA:358,29,0,0
BRDA:358,29,1,0
BRDA:359,30,0,0
BRDA:359,30,1,0
BRDA:363,31,0,0
BRDA:363,31,1,0
BRDA:363,31,2,0
BRDA:363,31,3,0
BRDA:390,32,0,0
BRDA:390,32,1,0
BRDA:391,33,0,0
BRDA:391,33,1,0
BRDA:392,34,0,0
BRDA:392,34,1,0
BRDA:397,35,0,0
BRDA:397,35,1,0
BRDA:429,36,0,0
BRDA:429,36,1,0
BRDA:430,37,0,0
BRDA:430,37,1,0
BRDA:465,38,0,0
BRDA:465,38,1,0
BRDA:466,39,0,0
BRDA:466,39,1,0
BRDA:467,40,0,0
BRDA:467,40,1,0
BRDA:468,41,0,0
BRDA:468,41,1,0
BRF:91
BRH:0
end_of_record
TN:
SF:src/controllers/content.controller.ts
FN:24,(anonymous_0)
FN:43,(anonymous_1)
FN:87,(anonymous_2)
FN:148,(anonymous_3)
FN:187,(anonymous_4)
FN:226,(anonymous_5)
FN:282,(anonymous_6)
FN:335,(anonymous_7)
FN:399,(anonymous_8)
FN:427,(anonymous_9)
FNF:10
FNH:0
FNDA:0,(anonymous_0)
FNDA:0,(anonymous_1)
FNDA:0,(anonymous_2)
FNDA:0,(anonymous_3)
FNDA:0,(anonymous_4)
FNDA:0,(anonymous_5)
FNDA:0,(anonymous_6)
FNDA:0,(anonymous_7)
FNDA:0,(anonymous_8)
FNDA:0,(anonymous_9)
DA:12,0
DA:25,0
DA:26,0
DA:27,0
DA:29,0
DA:30,0
DA:36,0
DA:42,0
DA:43,0
DA:45,0
DA:46,0
DA:51,0
DA:58,0
DA:60,0
DA:66,0
DA:72,0
DA:77,0
DA:88,0
DA:89,0
DA:90,0
DA:91,0
DA:92,0
DA:93,0
DA:94,0
DA:95,0
DA:96,0
DA:97,0
DA:99,0
DA:105,0
DA:106,0
DA:107,0
DA:108,0
DA:109,0
DA:110,0
DA:112,0
DA:120,0
DA:127,0
DA:132,0
DA:138,0
DA:149,0
DA:150,0
DA:152,0
DA:154,0
DA:156,0
DA:158,0
DA:164,0
DA:170,0
DA:171,0
DA:177,0
DA:188,0
DA:189,0
DA:191,0
DA:193,0
DA:195,0
DA:197,0
DA:203,0
DA:209,0
DA:210,0
DA:216,0
DA:227,0
DA:228,0
DA:229,0
DA:230,0
DA:232,0
DA:233,0
DA:239,0
DA:245,0
DA:247,0
DA:252,0
DA:258,0
DA:265,0
DA:266,0
DA:272,0
DA:283,0
DA:284,0
DA:285,0
DA:287,0
DA:288,0
DA:294,0
DA:299,0
DA:301,0
DA:306,0
DA:311,0
DA:318,0
DA:319,0
DA:325,0
DA:336,0
DA:337,0
DA:338,0
DA:339,0
DA:341,0
DA:342,0
DA:348,0
DA:349,0
DA:355,0
DA:361,0
DA:363,0
DA:369,0
DA:375,0
DA:382,0
DA:383,0
DA:389,0
DA:400,0
DA:401,0
DA:403,0
DA:405,0
DA:407,0
DA:413,0
DA:417,0
DA:428,0
DA:429,0
DA:430,0
DA:432,0
DA:433,0
DA:440,0
DA:441,0
DA:447,0
DA:452,0
DA:454,0
DA:460,0
DA:466,0
DA:471,0
DA:487,0
LF:123
LH:0
BRDA:29,0,0,0
BRDA:45,1,0,0
BRDA:89,2,0,0
BRDA:89,2,1,0
BRDA:90,3,0,0
BRDA:90,3,1,0
BRDA:91,4,0,0
BRDA:91,4,1,0
BRDA:92,5,0,0
BRDA:92,5,1,0
BRDA:101,6,0,0
BRDA:101,6,1,0
BRDA:106,7,0,0
BRDA:107,8,0,0
BRDA:108,9,0,0
BRDA:109,10,0,0
BRDA:110,11,0,0
BRDA:136,12,0,0
BRDA:136,12,1,0
BRDA:170,13,0,0
BRDA:209,14,0,0
BRDA:232,15,0,0
BRDA:265,16,0,0
BRDA:287,17,0,0
BRDA:318,18,0,0
BRDA:341,19,0,0
BRDA:348,20,0,0
BRDA:382,21,0,0
BRDA:432,22,0,0
BRDA:440,23,0,0
BRF:30
BRH:0
end_of_record
TN:
SF:src/controllers/media.controller.ts
FN:21,(anonymous_0)
FN:69,(anonymous_1)
FN:122,(anonymous_2)
FN:157,(anonymous_3)
FN:192,(anonymous_4)
FN:247,(anonymous_5)
FN:276,(anonymous_6)
FN:314,(anonymous_7)
FN:344,(anonymous_8)
FNF:9
FNH:0
FNDA:0,(anonymous_0)
FNDA:0,(anonymous_1)
FNDA:0,(anonymous_2)
FNDA:0,(anonymous_3)
FNDA:0,(anonymous_4)
FNDA:0,(anonymous_5)
FNDA:0,(anonymous_6)
FNDA:0,(anonymous_7)
FNDA:0,(anonymous_8)
DA:9,0
DA:22,0
DA:23,0
DA:24,0
DA:25,0
DA:32,0
DA:35,0
DA:36,0
DA:43,0
DA:45,0
DA:51,0
DA:52,0
DA:58,0
DA:59,0
DA:70,0
DA:84,0
DA:87,0
DA:88,0
DA:89,0
DA:90,0
DA:91,0
DA:92,0
DA:93,0
DA:94,0
DA:95,0
DA:97,0
DA:105,0
DA:111,0
DA:112,0
DA:123,0
DA:124,0
DA:126,0
DA:129,0
DA:130,0
DA:133,0
DA:139,0
DA:140,0
DA:146,0
DA:147,0
DA:158,0
DA:159,0
DA:161,0
DA:164,0
DA:165,0
DA:168,0
DA:174,0
DA:175,0
DA:181,0
DA:182,0
DA:193,0
DA:194,0
DA:195,0
DA:196,0
DA:203,0
DA:204,0
DA:207,0
DA:208,0
DA:214,0
DA:216,0
DA:222,0
DA:223,0
DA:229,0
DA:230,0
DA:236,0
DA:237,0
DA:248,0
DA:249,0
DA:251,0
DA:253,0
DA:258,0
DA:259,0
DA:265,0
DA:266,0
DA:277,0
DA:278,0
DA:279,0
DA:281,0
DA:282,0
DA:288,0
DA:290,0
DA:296,0
DA:297,0
DA:303,0
DA:304,0
DA:315,0
DA:316,0
DA:318,0
DA:320,0
DA:326,0
DA:327,0
DA:333,0
DA:334,0
DA:345,0
DA:346,0
DA:347,0
DA:349,0
DA:350,0
DA:356,0
DA:361,0
DA:367,0
DA:368,0
LF:101
LH:0
BRDA:24,0,0,0
BRDA:35,1,0,0
BRDA:38,2,0,0
BRDA:38,2,1,0
BRDA:51,3,0,0
BRDA:72,4,0,0
BRDA:73,5,0,0
BRDA:74,6,0,0
BRDA:75,7,0,0
BRDA:88,8,0,0
BRDA:89,9,0,0
BRDA:90,10,0,0
BRDA:91,11,0,0
BRDA:91,12,0,0
BRDA:91,12,1,0
BRDA:92,13,0,0
BRDA:93,14,0,0
BRDA:94,15,0,0
BRDA:95,16,0,0
BRDA:129,17,0,0
BRDA:139,18,0,0
BRDA:164,19,0,0
BRDA:174,20,0,0
BRDA:195,21,0,0
BRDA:207,22,0,0
BRDA:210,23,0,0
BRDA:210,23,1,0
BRDA:222,24,0,0
BRDA:229,25,0,0
BRDA:258,26,0,0
BRDA:281,27,0,0
BRDA:296,28,0,0
BRDA:326,29,0,0
BRDA:347,30,0,0
BRDA:349,31,0,0
BRF:35
BRH:0
end_of_record
TN:
SF:src/controllers/video.controller.ts
FN:13,(anonymous_0)
FN:53,(anonymous_1)
FN:134,(anonymous_2)
FN:163,(anonymous_3)
FN:192,(anonymous_4)
FN:231,(anonymous_5)
FN:260,(anonymous_6)
FN:289,(anonymous_7)
FN:325,(anonymous_8)
FN:346,(anonymous_9)
FNF:10
FNH:0
FNDA:0,(anonymous_0)
FNDA:0,(anonymous_1)
FNDA:0,(anonymous_2)
FNDA:0,(anonymous_3)
FNDA:0,(anonymous_4)
FNDA:0,(anonymous_5)
FNDA:0,(anonymous_6)
FNDA:0,(anonymous_7)
FNDA:0,(anonymous_8)
FNDA:0,(anonymous_9)
DA:14,0
DA:15,0
DA:18,0
DA:19,0
DA:27,0
DA:29,0
DA:35,0
DA:37,0
DA:38,0
DA:45,0
DA:54,0
DA:56,0
DA:58,0
DA:59,0
DA:62,0
DA:63,0
DA:66,0
DA:67,0
DA:70,0
DA:71,0
DA:74,0
DA:75,0
DA:78,0
DA:79,0
DA:82,0
DA:83,0
DA:86,0
DA:87,0
DA:90,0
DA:91,0
DA:95,0
DA:97,0
DA:98,0
DA:101,0
DA:102,0
DA:105,0
DA:106,0
DA:113,0
DA:115,0
DA:125,0
DA:126,0
DA:135,0
DA:136,0
DA:138,0
DA:140,0
DA:141,0
DA:148,0
DA:154,0
DA:155,0
DA:164,0
DA:165,0
DA:167,0
DA:169,0
DA:170,0
DA:177,0
DA:183,0
DA:184,0
DA:193,0
DA:194,0
DA:195,0
DA:197,0
DA:199,0
DA:200,0
DA:207,0
DA:213,0
DA:215,0
DA:216,0
DA:223,0
DA:232,0
DA:233,0
DA:235,0
DA:237,0
DA:238,0
DA:245,0
DA:251,0
DA:252,0
DA:261,0
DA:262,0
DA:264,0
DA:266,0
DA:267,0
DA:274,0
DA:280,0
DA:281,0
DA:290,0
DA:291,0
DA:292,0
DA:294,0
DA:296,0
DA:297,0
DA:304,0
DA:316,0
DA:317,0
DA:326,0
DA:327,0
DA:329,0
DA:331,0
DA:337,0
DA:338,0
DA:347,0
DA:348,0
DA:349,0
DA:351,0
DA:353,0
DA:359,0
DA:360,0
LF:106
LH:0
BRDA:18,0,0,0
BRDA:18,1,0,0
BRDA:18,1,1,0
BRDA:18,1,2,0
BRDA:37,2,0,0
BRDA:37,3,0,0
BRDA:37,3,1,0
BRDA:58,4,0,0
BRDA:62,5,0,0
BRDA:66,6,0,0
BRDA:70,7,0,0
BRDA:74,8,0,0
BRDA:78,9,0,0
BRDA:82,10,0,0
BRDA:86,11,0,0
BRDA:90,12,0,0
BRDA:97,13,0,0
BRDA:101,14,0,0
BRDA:105,15,0,0
BRDA:105,16,0,0
BRDA:105,16,1,0
BRDA:140,17,0,0
BRDA:169,18,0,0
BRDA:199,19,0,0
BRDA:215,20,0,0
BRDA:215,21,0,0
BRDA:215,21,1,0
BRDA:237,22,0,0
BRDA:266,23,0,0
BRDA:296,24,0,0
BRDA:327,25,0,0
BRDA:327,25,1,0
BRDA:349,26,0,0
BRDA:349,26,1,0
BRF:34
BRH:0
end_of_record
TN:
SF:src/interfaces/content.interfaces.ts
FN:6,(anonymous_0)
FNF:1
FNH:0
FNDA:0,(anonymous_0)
DA:6,0
DA:7,0
DA:8,0
DA:9,0
DA:10,0
DA:11,0
LF:6
LH:0
BRDA:6,0,0,0
BRDA:6,0,1,0
BRF:2
BRH:0
end_of_record
TN:
SF:src/interfaces/media.interfaces.ts
FN:7,(anonymous_0)
FN:17,(anonymous_1)
FNF:2
FNH:0
FNDA:0,(anonymous_0)
FNDA:0,(anonymous_1)
DA:7,0
DA:8,0
DA:9,0
DA:10,0
DA:11,0
DA:17,0
DA:18,0
DA:19,0
DA:20,0
DA:21,0
LF:10
LH:0
BRDA:7,0,0,0
BRDA:7,0,1,0
BRDA:17,1,0,0
BRDA:17,1,1,0
BRF:4
BRH:0
end_of_record
TN:
SF:src/middlewares/auth.middleware.ts
FN:38,(anonymous_0)
FN:85,(anonymous_1)
FN:85,(anonymous_2)
FNF:3
FNH:0
FNDA:0,(anonymous_0)
FNDA:0,(anonymous_1)
FNDA:0,(anonymous_2)
DA:7,0
DA:10,0
DA:38,0
DA:39,0
DA:41,0
DA:43,0
DA:44,0
DA:51,0
DA:53,0
DA:54,0
DA:61,0
DA:64,0
DA:70,0
DA:72,0
DA:74,0
DA:85,0
DA:86,0
DA:87,0
DA:93,0
DA:94,0
DA:100,0
LF:21
LH:0
BRDA:10,0,0,0
BRDA:10,0,1,0
BRDA:43,1,0,0
BRDA:43,2,0,0
BRDA:43,2,1,0
BRDA:53,3,0,0
BRDA:86,4,0,0
BRDA:93,5,0,0
BRF:8
BRH:0
end_of_record
TN:
SF:src/models/Category.ts
FN:47,(anonymous_0)
FNF:1
FNH:0
FNDA:0,(anonymous_0)
DA:4,0
DA:47,0
DA:48,0
DA:49,0
DA:56,0
DA:60,0
DA:61,0
DA:62,0
DA:63,0
DA:65,0
LF:10
LH:0
BRDA:48,0,0,0
BRDA:48,1,0,0
BRDA:48,1,1,0
BRF:3
BRH:0
end_of_record
TN:
SF:src/models/Content.ts
FN:113,(anonymous_0)
FN:126,(anonymous_1)
FN:139,(anonymous_2)
FN:140,(anonymous_3)
FNF:4
FNH:0
FNDA:0,(anonymous_0)
FNDA:0,(anonymous_1)
FNDA:0,(anonymous_2)
FNDA:0,(anonymous_3)
DA:4,0
DA:113,0
DA:114,0
DA:115,0
DA:122,0
DA:126,0
DA:127,0
DA:128,0
DA:131,0
DA:132,0
DA:135,0
DA:139,0
DA:140,0
DA:141,0
DA:142,0
DA:144,0
DA:147,0
DA:148,0
DA:149,0
DA:156,0
DA:160,0
DA:161,0
DA:162,0
DA:163,0
DA:164,0
DA:165,0
DA:166,0
DA:168,0
LF:28
LH:0
BRDA:114,0,0,0
BRDA:114,1,0,0
BRDA:114,1,1,0
BRDA:127,2,0,0
BRDA:127,3,0,0
BRDA:127,3,1,0
BRDA:127,3,2,0
BRDA:131,4,0,0
BRDA:131,5,0,0
BRDA:131,5,1,0
BRDA:131,5,2,0
BRDA:141,6,0,0
BRDA:141,7,0,0
BRDA:141,7,1,0
BRDA:147,8,0,0
BRDA:147,9,0,0
BRDA:147,9,1,0
BRDA:148,10,0,0
BRDA:148,10,1,0
BRDA:150,11,0,0
BRDA:150,11,1,0
BRF:21
BRH:0
end_of_record
TN:
SF:src/models/Media.ts
FN:110,(anonymous_0)
FN:123,(anonymous_1)
FNF:2
FNH:0
FNDA:0,(anonymous_0)
FNDA:0,(anonymous_1)
DA:5,0
DA:110,0
DA:111,0
DA:112,0
DA:119,0
DA:123,0
DA:124,0
DA:125,0
DA:127,0
DA:131,0
DA:132,0
DA:133,0
DA:134,0
DA:135,0
DA:136,0
DA:137,0
DA:138,0
DA:140,0
LF:18
LH:0
BRDA:111,0,0,0
BRDA:111,1,0,0
BRDA:111,1,1,0
BRDA:124,2,0,0
BRDA:124,3,0,0
BRDA:124,3,1,0
BRDA:124,3,2,0
BRF:7
BRH:0
end_of_record
TN:
SF:src/models/User.ts
FN:6,(anonymous_0)
FN:16,(anonymous_1)
FN:210,(anonymous_2)
FN:215,(anonymous_3)
FN:221,(anonymous_4)
FN:226,(anonymous_5)
FNF:6
FNH:0
FNDA:0,(anonymous_0)
FNDA:0,(anonymous_1)
FNDA:0,(anonymous_2)
FNDA:0,(anonymous_3)
FNDA:0,(anonymous_4)
FNDA:0,(anonymous_5)
DA:6,0
DA:7,0
DA:8,0
DA:9,0
DA:10,0
DA:16,0
DA:17,0
DA:18,0
DA:19,0
DA:103,0
DA:104,0
DA:106,0
DA:204,0
DA:205,0
DA:206,0
DA:207,0
DA:210,0
DA:211,0
DA:215,0
DA:216,0
DA:217,0
DA:221,0
DA:222,0
DA:226,0
DA:227,0
DA:230,0
LF:26
LH:0
BRDA:6,0,0,0
BRDA:6,0,1,0
BRDA:16,1,0,0
BRDA:16,1,1,0
BRDA:103,2,0,0
BRDA:103,2,1,0
BRDA:222,3,0,0
BRDA:222,3,1,0
BRF:8
BRH:0
end_of_record
TN:
SF:src/models/Video.ts
FN:166,(anonymous_0)
FNF:1
FNH:0
FNDA:0,(anonymous_0)
DA:6,0
DA:166,0
DA:167,0
DA:168,0
DA:172,0
DA:173,0
DA:176,0
DA:180,0
LF:8
LH:0
BRDA:167,0,0,0
BRDA:172,1,0,0
BRDA:172,2,0,0
BRDA:172,2,1,0
BRDA:172,2,2,0
BRF:5
BRH:0
end_of_record
TN:
SF:src/routes/analytics.routes.ts
FNF:0
FNH:0
DA:9,0
DA:64,0
DA:98,0
DA:126,0
DA:167,0
DA:195,0
LF:6
LH:0
BRF:0
BRH:0
end_of_record
TN:
SF:src/routes/content.routes.ts
FNF:0
FNH:0
DA:5,0
DA:12,0
DA:19,0
DA:31,0
DA:38,0
DA:45,0
DA:57,0
DA:69,0
DA:81,0
DA:88,0
LF:10
LH:0
BRF:0
BRH:0
end_of_record
TN:
SF:src/routes/media.routes.ts
FNF:0
FNH:0
DA:8,0
DA:15,0
DA:22,0
DA:40,0
DA:47,0
DA:54,0
DA:73,0
DA:84,0
DA:98,0
DA:105,0
LF:10
LH:0
BRF:0
BRH:0
end_of_record
TN:
SF:src/routes/video.routes.ts
FNF:0
FNH:0
DA:5,0
DA:8,0
DA:9,0
DA:10,0
DA:11,0
DA:12,0
DA:13,0
DA:16,0
DA:17,0
DA:18,0
DA:19,0
LF:11
LH:0
BRF:0
BRH:0
end_of_record
TN:
SF:src/services/content.service.ts
FN:28,(anonymous_0)
FN:73,(anonymous_1)
FN:119,(anonymous_2)
FN:143,(anonymous_3)
FN:169,(anonymous_4)
FN:183,(anonymous_5)
FN:208,(anonymous_6)
FN:240,(anonymous_7)
FN:287,(anonymous_8)
FN:314,(anonymous_9)
FN:331,(anonymous_10)
FNF:11
FNH:0
FNDA:0,(anonymous_0)
FNDA:0,(anonymous_1)
FNDA:0,(anonymous_2)
FNDA:0,(anonymous_3)
FNDA:0,(anonymous_4)
FNDA:0,(anonymous_5)
FNDA:0,(anonymous_6)
FNDA:0,(anonymous_7)
FNDA:0,(anonymous_8)
FNDA:0,(anonymous_9)
FNDA:0,(anonymous_10)
DA:16,0
DA:29,0
DA:30,0
DA:32,0
DA:39,0
DA:40,0
DA:44,0
DA:45,0
DA:47,0
DA:52,0
DA:54,0
DA:60,0
DA:80,0
DA:82,0
DA:85,0
DA:88,0
DA:89,0
DA:92,0
DA:97,0
DA:105,0
DA:110,0
DA:120,0
DA:121,0
DA:123,0
DA:124,0
DA:127,0
DA:129,0
DA:134,0
DA:144,0
DA:145,0
DA:147,0
DA:148,0
DA:151,0
DA:153,0
DA:158,0
DA:174,0
DA:176,0
DA:178,0
DA:179,0
DA:183,0
DA:184,0
DA:188,0
DA:190,0
DA:192,0
DA:198,0
DA:209,0
DA:210,0
DA:212,0
DA:213,0
DA:216,0
DA:221,0
DA:223,0
DA:229,0
DA:245,0
DA:247,0
DA:248,0
DA:252,0
DA:254,0
DA:255,0
DA:259,0
DA:262,0
DA:263,0
DA:267,0
DA:269,0
DA:271,0
DA:278,0
DA:288,0
DA:289,0
DA:295,0
DA:296,0
DA:299,0
DA:301,0
DA:306,0
DA:315,0
DA:316,0
DA:318,0
DA:322,0
DA:332,0
DA:334,0
DA:335,0
DA:341,0
DA:342,0
DA:344,0
DA:349,0
DA:355,0
DA:369,0
LF:86
LH:0
BRDA:39,0,0,0
BRDA:74,1,0,0
BRDA:75,2,0,0
BRDA:76,3,0,0
BRDA:77,4,0,0
BRDA:78,5,0,0
BRDA:89,6,0,0
BRDA:89,6,1,0
BRDA:123,7,0,0
BRDA:147,8,0,0
BRDA:178,9,0,0
BRDA:212,10,0,0
BRDA:247,11,0,0
BRDA:254,12,0,0
BRDA:262,13,0,0
BRDA:262,14,0,0
BRDA:262,14,1,0
BRDA:295,15,0,0
BRDA:299,16,0,0
BRDA:299,16,1,0
BRDA:334,17,0,0
BRDA:334,18,0,0
BRDA:334,18,1,0
BRF:23
BRH:0
end_of_record
TN:
SF:src/services/media.service.ts
FN:18,(anonymous_0)
FN:47,(anonymous_1)
FN:128,(anonymous_2)
FN:148,(anonymous_3)
FN:169,(anonymous_4)
FN:212,(anonymous_5)
FN:233,(anonymous_6)
FN:256,(anonymous_7)
FN:280,(anonymous_8)
FN:305,(anonymous_9)
FNF:10
FNH:0
FNDA:0,(anonymous_0)
FNDA:0,(anonymous_1)
FNDA:0,(anonymous_2)
FNDA:0,(anonymous_3)
FNDA:0,(anonymous_4)
FNDA:0,(anonymous_5)
FNDA:0,(anonymous_6)
FNDA:0,(anonymous_7)
FNDA:0,(anonymous_8)
FNDA:0,(anonymous_9)
DA:7,0
DA:19,0
DA:21,0
DA:23,0
DA:24,0
DA:28,0
DA:29,0
DA:31,0
DA:33,0
DA:34,0
DA:54,0
DA:55,0
DA:58,0
DA:59,0
DA:60,0
DA:65,0
DA:69,0
DA:70,0
DA:74,0
DA:75,0
DA:76,0
DA:80,0
DA:81,0
DA:83,0
DA:84,0
DA:85,0
DA:88,0
DA:89,0
DA:90,0
DA:95,0
DA:98,0
DA:101,0
DA:102,0
DA:105,0
DA:110,0
DA:118,0
DA:119,0
DA:129,0
DA:130,0
DA:132,0
DA:133,0
DA:136,0
DA:138,0
DA:139,0
DA:149,0
DA:150,0
DA:152,0
DA:153,0
DA:156,0
DA:158,0
DA:159,0
DA:170,0
DA:171,0
DA:173,0
DA:174,0
DA:178,0
DA:179,0
DA:184,0
DA:185,0
DA:190,0
DA:196,0
DA:197,0
DA:200,0
DA:202,0
DA:203,0
DA:213,0
DA:214,0
DA:216,0
DA:217,0
DA:220,0
DA:222,0
DA:223,0
DA:234,0
DA:235,0
DA:237,0
DA:238,0
DA:241,0
DA:242,0
DA:244,0
DA:246,0
DA:247,0
DA:257,0
DA:258,0
DA:264,0
DA:265,0
DA:268,0
DA:270,0
DA:271,0
DA:281,0
DA:282,0
DA:288,0
DA:289,0
DA:292,0
DA:294,0
DA:295,0
DA:306,0
DA:307,0
DA:314,0
DA:316,0
DA:317,0
LF:100
LH:0
BRDA:23,0,0,0
BRDA:48,1,0,0
BRDA:49,2,0,0
BRDA:50,3,0,0
BRDA:51,4,0,0
BRDA:52,5,0,0
BRDA:58,6,0,0
BRDA:69,7,0,0
BRDA:69,8,0,0
BRDA:69,8,1,0
BRDA:74,9,0,0
BRDA:80,10,0,0
BRDA:80,11,0,0
BRDA:80,11,1,0
BRDA:83,12,0,0
BRDA:88,13,0,0
BRDA:102,14,0,0
BRDA:102,14,1,0
BRDA:132,15,0,0
BRDA:152,16,0,0
BRDA:173,17,0,0
BRDA:178,18,0,0
BRDA:178,19,0,0
BRDA:178,19,1,0
BRDA:184,20,0,0
BRDA:196,21,0,0
BRDA:216,22,0,0
BRDA:237,23,0,0
BRDA:264,24,0,0
BRDA:268,25,0,0
BRDA:268,25,1,0
BRDA:288,26,0,0
BRDA:292,27,0,0
BRDA:292,27,1,0
BRDA:305,28,0,0
BRF:35
BRH:0
end_of_record
TN:
SF:src/services/video.service.ts
FN:21,(anonymous_0)
FN:67,(anonymous_1)
FN:167,(anonymous_2)
FN:181,(anonymous_3)
FN:196,(anonymous_4)
FN:245,(anonymous_5)
FN:259,(anonymous_6)
FN:279,(anonymous_7)
FN:324,(anonymous_8)
FN:345,(anonymous_9)
FNF:10
FNH:0
FNDA:0,(anonymous_0)
FNDA:0,(anonymous_1)
FNDA:0,(anonymous_2)
FNDA:0,(anonymous_3)
FNDA:0,(anonymous_4)
FNDA:0,(anonymous_5)
FNDA:0,(anonymous_6)
FNDA:0,(anonymous_7)
FNDA:0,(anonymous_8)
FNDA:0,(anonymous_9)
DA:22,0
DA:24,0
DA:27,0
DA:28,0
DA:30,0
DA:31,0
DA:35,0
DA:49,0
DA:50,0
DA:52,0
DA:54,0
DA:55,0
DA:57,0
DA:77,0
DA:79,0
DA:80,0
DA:81,0
DA:84,0
DA:86,0
DA:87,0
DA:90,0
DA:91,0
DA:94,0
DA:95,0
DA:98,0
DA:99,0
DA:102,0
DA:103,0
DA:106,0
DA:107,0
DA:110,0
DA:111,0
DA:113,0
DA:114,0
DA:117,0
DA:118,0
DA:122,0
DA:123,0
DA:131,0
DA:133,0
DA:134,0
DA:137,0
DA:141,0
DA:147,0
DA:148,0
DA:150,0
DA:158,0
DA:168,0
DA:169,0
DA:170,0
DA:172,0
DA:182,0
DA:183,0
DA:184,0
DA:186,0
DA:197,0
DA:199,0
DA:200,0
DA:201,0
DA:205,0
DA:206,0
DA:209,0
DA:210,0
DA:212,0
DA:213,0
DA:215,0
DA:220,0
DA:221,0
DA:225,0
DA:231,0
DA:233,0
DA:234,0
DA:236,0
DA:246,0
DA:247,0
DA:248,0
DA:250,0
DA:260,0
DA:261,0
DA:267,0
DA:269,0
DA:288,0
DA:289,0
DA:291,0
DA:292,0
DA:295,0
DA:296,0
DA:299,0
DA:300,0
DA:303,0
DA:304,0
DA:307,0
DA:313,0
DA:315,0
DA:325,0
DA:326,0
DA:333,0
DA:335,0
DA:346,0
DA:347,0
DA:348,0
DA:349,0
DA:352,0
DA:364,0
DA:366,0
LF:105
LH:0
BRDA:28,0,0,0
BRDA:42,1,0,0
BRDA:42,1,1,0
BRDA:43,2,0,0
BRDA:43,2,1,0
BRDA:44,3,0,0
BRDA:44,3,1,0
BRDA:45,4,0,0
BRDA:45,4,1,0
BRDA:54,5,0,0
BRDA:68,6,0,0
BRDA:69,7,0,0
BRDA:79,8,0,0
BRDA:79,8,1,0
BRDA:80,9,0,0
BRDA:80,9,1,0
BRDA:86,10,0,0
BRDA:90,11,0,0
BRDA:90,12,0,0
BRDA:90,12,1,0
BRDA:94,13,0,0
BRDA:98,14,0,0
BRDA:102,15,0,0
BRDA:106,16,0,0
BRDA:110,17,0,0
BRDA:110,18,0,0
BRDA:110,18,1,0
BRDA:113,19,0,0
BRDA:117,20,0,0
BRDA:122,21,0,0
BRDA:133,22,0,0
BRDA:133,22,1,0
BRDA:134,23,0,0
BRDA:134,23,1,0
BRDA:200,24,0,0
BRDA:205,25,0,0
BRDA:210,26,0,0
BRDA:210,26,1,0
BRDA:220,27,0,0
BRDA:220,28,0,0
BRDA:220,28,1,0
BRDA:233,29,0,0
BRDA:291,30,0,0
BRDA:295,31,0,0
BRDA:299,32,0,0
BRDA:303,33,0,0
BRDA:324,34,0,0
BRDA:345,35,0,0
BRDA:348,36,0,0
BRF:49
BRH:0
end_of_record
TN:
SF:src/utils/logger.ts
FN:32,(anonymous_0)
FN:40,(anonymous_1)
FN:57,(anonymous_2)
FN:128,(anonymous_3)
FNF:4
FNH:0
FNDA:0,(anonymous_0)
FNDA:0,(anonymous_1)
FNDA:0,(anonymous_2)
FNDA:0,(anonymous_3)
DA:17,0
DA:18,0
DA:25,0
DA:26,0
DA:28,0
DA:29,0
DA:32,0
DA:33,0
DA:34,0
DA:35,0
DA:40,0
DA:41,0
DA:42,0
DA:44,0
DA:57,0
DA:60,0
DA:63,0
DA:64,0
DA:67,0
DA:71,0
DA:112,0
DA:113,0
DA:127,0
DA:129,0
LF:24
LH:0
BRDA:17,0,0,0
BRDA:34,1,0,0
BRDA:63,2,0,0
BRDA:72,3,0,0
BRDA:72,3,1,0
BRDA:83,4,0,0
BRDA:83,4,1,0
BRDA:84,5,0,0
BRDA:84,5,1,0
BRDA:89,6,0,0
BRDA:89,6,1,0
BRDA:90,7,0,0
BRDA:90,7,1,0
BRDA:97,8,0,0
BRDA:97,8,1,0
BRDA:98,9,0,0
BRDA:98,9,1,0
BRDA:104,10,0,0
BRDA:104,10,1,0
BRDA:105,11,0,0
BRDA:105,11,1,0
BRDA:112,12,0,0
BRF:22
BRH:0
end_of_record
