{"/Users/apple/Downloads/sap-project/backend/services/user-service/src/index.ts": {"path":"/Users/apple/Downloads/sap-project/backend/services/user-service/src/index.ts","statementMap":{"0":{"start":{"line":1,"column":0},"end":{"line":1,"column":30}},"1":{"start":{"line":3,"column":0},"end":{"line":3,"column":32}},"2":{"start":{"line":4,"column":0},"end":{"line":4,"column":24}},"3":{"start":{"line":5,"column":0},"end":{"line":5,"column":28}},"4":{"start":{"line":6,"column":0},"end":{"line":6,"column":46}},"5":{"start":{"line":7,"column":0},"end":{"line":7,"column":58}},"6":{"start":{"line":8,"column":0},"end":{"line":8,"column":68}},"7":{"start":{"line":9,"column":0},"end":{"line":9,"column":60}},"8":{"start":{"line":12,"column":12},"end":{"line":12,"column":21}},"9":{"start":{"line":13,"column":13},"end":{"line":13,"column":37}},"10":{"start":{"line":16,"column":0},"end":{"line":16,"column":16}},"11":{"start":{"line":17,"column":0},"end":{"line":17,"column":18}},"12":{"start":{"line":18,"column":0},"end":{"line":18,"column":24}},"13":{"start":{"line":22,"column":0},"end":{"line":22,"column":31}},"14":{"start":{"line":26,"column":0},"end":{"line":29,"column":4}},"15":{"start":{"line":27,"column":26},"end":{"line":27,"column":92}},"16":{"start":{"line":32,"column":18},"end":{"line":32,"column":80}},"17":{"start":{"line":35,"column":0},"end":{"line":35,"column":35}},"18":{"start":{"line":37,"column":49},"end":{"line":40,"column":2}},"19":{"start":{"line":42,"column":0},"end":{"line":49,"column":5}},"20":{"start":{"line":44,"column":4},"end":{"line":44,"column":37}},"21":{"start":{"line":47,"column":4},"end":{"line":47,"column":88}},"22":{"start":{"line":48,"column":4},"end":{"line":48,"column":20}},"23":{"start":{"line":52,"column":0},"end":{"line":52,"column":34}},"24":{"start":{"line":55,"column":0},"end":{"line":55,"column":45}},"25":{"start":{"line":59,"column":0},"end":{"line":74,"column":3}},"26":{"start":{"line":60,"column":19},"end":{"line":60,"column":86}},"27":{"start":{"line":62,"column":2},"end":{"line":73,"column":5}},"28":{"start":{"line":77,"column":0},"end":{"line":77,"column":23}},"29":{"start":{"line":81,"column":0},"end":{"line":89,"column":3}},"30":{"start":{"line":82,"column":2},"end":{"line":82,"column":93}},"31":{"start":{"line":84,"column":2},"end":{"line":88,"column":5}},"32":{"start":{"line":92,"column":15},"end":{"line":95,"column":2}},"33":{"start":{"line":93,"column":2},"end":{"line":93,"column":54}},"34":{"start":{"line":94,"column":2},"end":{"line":94,"column":75}},"35":{"start":{"line":98,"column":25},"end":{"line":110,"column":1}},"36":{"start":{"line":99,"column":2},"end":{"line":99,"column":64}},"37":{"start":{"line":101,"column":2},"end":{"line":109,"column":5}},"38":{"start":{"line":102,"column":4},"end":{"line":102,"column":38}},"39":{"start":{"line":105,"column":4},"end":{"line":108,"column":7}},"40":{"start":{"line":106,"column":6},"end":{"line":106,"column":47}},"41":{"start":{"line":107,"column":6},"end":{"line":107,"column":22}},"42":{"start":{"line":113,"column":0},"end":{"line":113,"column":57}},"43":{"start":{"line":113,"column":28},"end":{"line":113,"column":55}},"44":{"start":{"line":114,"column":0},"end":{"line":114,"column":55}},"45":{"start":{"line":114,"column":27},"end":{"line":114,"column":53}},"46":{"start":{"line":117,"column":0},"end":{"line":119,"column":3}},"47":{"start":{"line":118,"column":2},"end":{"line":118,"column":63}},"48":{"start":{"line":122,"column":0},"end":{"line":126,"column":3}},"49":{"start":{"line":123,"column":2},"end":{"line":123,"column":49}},"50":{"start":{"line":128,"column":0},"end":{"line":128,"column":19}}},"fnMap":{"0":{"name":"(anonymous_10)","decl":{"start":{"line":27,"column":8},"end":{"line":27,"column":9}},"loc":{"start":{"line":27,"column":26},"end":{"line":27,"column":92}}},"1":{"name":"(anonymous_11)","decl":{"start":{"line":43,"column":8},"end":{"line":43,"column":11}},"loc":{"start":{"line":43,"column":13},"end":{"line":45,"column":3}}},"2":{"name":"(anonymous_12)","decl":{"start":{"line":46,"column":9},"end":{"line":46,"column":10}},"loc":{"start":{"line":46,"column":24},"end":{"line":49,"column":3}}},"3":{"name":"(anonymous_13)","decl":{"start":{"line":59,"column":19},"end":{"line":59,"column":20}},"loc":{"start":{"line":59,"column":51},"end":{"line":74,"column":1}}},"4":{"name":"(anonymous_14)","decl":{"start":{"line":81,"column":8},"end":{"line":81,"column":9}},"loc":{"start":{"line":81,"column":72},"end":{"line":89,"column":1}}},"5":{"name":"(anonymous_15)","decl":{"start":{"line":92,"column":32},"end":{"line":92,"column":35}},"loc":{"start":{"line":92,"column":37},"end":{"line":95,"column":1}}},"6":{"name":"(anonymous_16)","decl":{"start":{"line":98,"column":25},"end":{"line":98,"column":26}},"loc":{"start":{"line":98,"column":44},"end":{"line":110,"column":1}}},"7":{"name":"(anonymous_17)","decl":{"start":{"line":101,"column":15},"end":{"line":101,"column":18}},"loc":{"start":{"line":101,"column":20},"end":{"line":109,"column":3}}},"8":{"name":"(anonymous_18)","decl":{"start":{"line":105,"column":37},"end":{"line":105,"column":40}},"loc":{"start":{"line":105,"column":42},"end":{"line":108,"column":5}}},"9":{"name":"(anonymous_19)","decl":{"start":{"line":113,"column":22},"end":{"line":113,"column":25}},"loc":{"start":{"line":113,"column":28},"end":{"line":113,"column":55}}},"10":{"name":"(anonymous_20)","decl":{"start":{"line":114,"column":21},"end":{"line":114,"column":24}},"loc":{"start":{"line":114,"column":27},"end":{"line":114,"column":53}}},"11":{"name":"(anonymous_21)","decl":{"start":{"line":117,"column":33},"end":{"line":117,"column":34}},"loc":{"start":{"line":117,"column":72},"end":{"line":119,"column":1}}},"12":{"name":"(anonymous_22)","decl":{"start":{"line":122,"column":32},"end":{"line":122,"column":33}},"loc":{"start":{"line":122,"column":49},"end":{"line":126,"column":1}}}},"branchMap":{"0":{"loc":{"start":{"line":13,"column":13},"end":{"line":13,"column":37}},"type":"binary-expr","locations":[{"start":{"line":13,"column":13},"end":{"line":13,"column":29}},{"start":{"line":13,"column":33},"end":{"line":13,"column":37}}]},"1":{"loc":{"start":{"line":27,"column":26},"end":{"line":27,"column":92}},"type":"binary-expr","locations":[{"start":{"line":27,"column":26},"end":{"line":27,"column":55}},{"start":{"line":27,"column":59},"end":{"line":27,"column":92}}]},"2":{"loc":{"start":{"line":32,"column":18},"end":{"line":32,"column":80}},"type":"binary-expr","locations":[{"start":{"line":32,"column":18},"end":{"line":32,"column":39}},{"start":{"line":32,"column":43},"end":{"line":32,"column":80}}]},"3":{"loc":{"start":{"line":60,"column":19},"end":{"line":60,"column":86}},"type":"cond-expr","locations":[{"start":{"line":60,"column":58},"end":{"line":60,"column":69}},{"start":{"line":60,"column":72},"end":{"line":60,"column":86}}]},"4":{"loc":{"start":{"line":87,"column":11},"end":{"line":87,"column":75}},"type":"cond-expr","locations":[{"start":{"line":87,"column":52},"end":{"line":87,"column":63}},{"start":{"line":87,"column":66},"end":{"line":87,"column":75}}]}},"s":{"0":1,"1":1,"2":1,"3":1,"4":1,"5":1,"6":1,"7":1,"8":1,"9":1,"10":1,"11":1,"12":1,"13":1,"14":1,"15":0,"16":1,"17":1,"18":1,"19":1,"20":1,"21":0,"22":0,"23":1,"24":1,"25":1,"26":0,"27":0,"28":1,"29":1,"30":0,"31":0,"32":1,"33":1,"34":1,"35":1,"36":0,"37":0,"38":0,"39":0,"40":0,"41":0,"42":1,"43":0,"44":1,"45":0,"46":1,"47":0,"48":1,"49":0,"50":1},"f":{"0":0,"1":1,"2":0,"3":0,"4":0,"5":1,"6":0,"7":0,"8":0,"9":0,"10":0,"11":0,"12":0},"b":{"0":[1,1],"1":[0,0],"2":[1,1],"3":[0,0],"4":[0,0]}}
,"/Users/apple/Downloads/sap-project/backend/services/user-service/src/controllers/monitoring.controller.ts": {"path":"/Users/apple/Downloads/sap-project/backend/services/user-service/src/controllers/monitoring.controller.ts","statementMap":{"0":{"start":{"line":7,"column":0},"end":{"line":7,"column":32}},"1":{"start":{"line":8,"column":0},"end":{"line":8,"column":20}},"2":{"start":{"line":9,"column":0},"end":{"line":9,"column":54}},"3":{"start":{"line":10,"column":0},"end":{"line":10,"column":37}},"4":{"start":{"line":17,"column":25},"end":{"line":32,"column":1}},"5":{"start":{"line":18,"column":19},"end":{"line":18,"column":86}},"6":{"start":{"line":20,"column":2},"end":{"line":31,"column":5}},"7":{"start":{"line":17,"column":13},"end":{"line":17,"column":25}},"8":{"start":{"line":39,"column":26},"end":{"line":55,"column":1}},"9":{"start":{"line":40,"column":2},"end":{"line":54,"column":3}},"10":{"start":{"line":41,"column":20},"end":{"line":41,"column":51}},"11":{"start":{"line":43,"column":4},"end":{"line":46,"column":7}},"12":{"start":{"line":48,"column":4},"end":{"line":48,"column":56}},"13":{"start":{"line":49,"column":4},"end":{"line":53,"column":7}},"14":{"start":{"line":39,"column":13},"end":{"line":39,"column":26}},"15":{"start":{"line":62,"column":29},"end":{"line":91,"column":1}},"16":{"start":{"line":63,"column":2},"end":{"line":90,"column":3}},"17":{"start":{"line":64,"column":23},"end":{"line":77,"column":6}},"18":{"start":{"line":79,"column":4},"end":{"line":82,"column":7}},"19":{"start":{"line":84,"column":4},"end":{"line":84,"column":60}},"20":{"start":{"line":85,"column":4},"end":{"line":89,"column":7}},"21":{"start":{"line":62,"column":13},"end":{"line":62,"column":29}},"22":{"start":{"line":98,"column":28},"end":{"line":129,"column":1}},"23":{"start":{"line":99,"column":2},"end":{"line":128,"column":3}},"24":{"start":{"line":101,"column":4},"end":{"line":112,"column":5}},"25":{"start":{"line":102,"column":25},"end":{"line":102,"column":50}},"26":{"start":{"line":104,"column":6},"end":{"line":109,"column":7}},"27":{"start":{"line":105,"column":8},"end":{"line":108,"column":11}},"28":{"start":{"line":115,"column":4},"end":{"line":115,"column":38}},"29":{"start":{"line":117,"column":4},"end":{"line":120,"column":7}},"30":{"start":{"line":122,"column":4},"end":{"line":122,"column":55}},"31":{"start":{"line":123,"column":4},"end":{"line":127,"column":7}},"32":{"start":{"line":98,"column":13},"end":{"line":98,"column":28}}},"fnMap":{"0":{"name":"(anonymous_1)","decl":{"start":{"line":17,"column":25},"end":{"line":17,"column":26}},"loc":{"start":{"line":17,"column":57},"end":{"line":32,"column":1}}},"1":{"name":"(anonymous_2)","decl":{"start":{"line":39,"column":26},"end":{"line":39,"column":27}},"loc":{"start":{"line":39,"column":58},"end":{"line":55,"column":1}}},"2":{"name":"(anonymous_3)","decl":{"start":{"line":62,"column":29},"end":{"line":62,"column":30}},"loc":{"start":{"line":62,"column":61},"end":{"line":91,"column":1}}},"3":{"name":"(anonymous_4)","decl":{"start":{"line":98,"column":28},"end":{"line":98,"column":29}},"loc":{"start":{"line":98,"column":60},"end":{"line":129,"column":1}}}},"branchMap":{"0":{"loc":{"start":{"line":18,"column":19},"end":{"line":18,"column":86}},"type":"cond-expr","locations":[{"start":{"line":18,"column":58},"end":{"line":18,"column":69}},{"start":{"line":18,"column":72},"end":{"line":18,"column":86}}]},"1":{"loc":{"start":{"line":52,"column":13},"end":{"line":52,"column":90}},"type":"cond-expr","locations":[{"start":{"line":52,"column":55},"end":{"line":52,"column":78}},{"start":{"line":52,"column":81},"end":{"line":52,"column":90}}]},"2":{"loc":{"start":{"line":88,"column":13},"end":{"line":88,"column":90}},"type":"cond-expr","locations":[{"start":{"line":88,"column":55},"end":{"line":88,"column":78}},{"start":{"line":88,"column":81},"end":{"line":88,"column":90}}]},"3":{"loc":{"start":{"line":101,"column":4},"end":{"line":112,"column":5}},"type":"if","locations":[{"start":{"line":101,"column":4},"end":{"line":112,"column":5}}]},"4":{"loc":{"start":{"line":104,"column":6},"end":{"line":109,"column":7}},"type":"if","locations":[{"start":{"line":104,"column":6},"end":{"line":109,"column":7}}]},"5":{"loc":{"start":{"line":104,"column":10},"end":{"line":104,"column":58}},"type":"binary-expr","locations":[{"start":{"line":104,"column":10},"end":{"line":104,"column":21}},{"start":{"line":104,"column":25},"end":{"line":104,"column":58}}]},"6":{"loc":{"start":{"line":126,"column":13},"end":{"line":126,"column":90}},"type":"cond-expr","locations":[{"start":{"line":126,"column":55},"end":{"line":126,"column":78}},{"start":{"line":126,"column":81},"end":{"line":126,"column":90}}]}},"s":{"0":1,"1":1,"2":1,"3":1,"4":1,"5":2,"6":2,"7":1,"8":1,"9":1,"10":1,"11":1,"12":0,"13":0,"14":1,"15":1,"16":1,"17":1,"18":1,"19":0,"20":0,"21":1,"22":1,"23":2,"24":2,"25":1,"26":1,"27":1,"28":1,"29":1,"30":0,"31":0,"32":1},"f":{"0":2,"1":1,"2":1,"3":2},"b":{"0":[2,0],"1":[0,0],"2":[0,0],"3":[1],"4":[1],"5":[1,0],"6":[0,0]}}
,"/Users/apple/Downloads/sap-project/backend/services/user-service/src/controllers/user.controller.ts": {"path":"/Users/apple/Downloads/sap-project/backend/services/user-service/src/controllers/user.controller.ts","statementMap":{"0":{"start":{"line":2,"column":0},"end":{"line":2,"column":53}},"1":{"start":{"line":4,"column":0},"end":{"line":4,"column":37}},"2":{"start":{"line":5,"column":0},"end":{"line":5,"column":51}},"3":{"start":{"line":9,"column":22},"end":{"line":9,"column":28}},"4":{"start":{"line":22,"column":4},"end":{"line":49,"column":5}},"5":{"start":{"line":23,"column":23},"end":{"line":23,"column":31}},"6":{"start":{"line":26,"column":6},"end":{"line":31,"column":7}},"7":{"start":{"line":27,"column":8},"end":{"line":30,"column":11}},"8":{"start":{"line":33,"column":19},"end":{"line":33,"column":57}},"9":{"start":{"line":35,"column":6},"end":{"line":39,"column":9}},"10":{"start":{"line":41,"column":6},"end":{"line":46,"column":7}},"11":{"start":{"line":42,"column":8},"end":{"line":45,"column":11}},"12":{"start":{"line":48,"column":6},"end":{"line":48,"column":25}},"13":{"start":{"line":59,"column":4},"end":{"line":91,"column":5}},"14":{"start":{"line":68,"column":10},"end":{"line":68,"column":19}},"15":{"start":{"line":71,"column":43},"end":{"line":71,"column":45}},"16":{"start":{"line":72,"column":6},"end":{"line":72,"column":42}},"17":{"start":{"line":72,"column":18},"end":{"line":72,"column":42}},"18":{"start":{"line":73,"column":6},"end":{"line":73,"column":36}},"19":{"start":{"line":73,"column":16},"end":{"line":73,"column":36}},"20":{"start":{"line":74,"column":6},"end":{"line":74,"column":73}},"21":{"start":{"line":74,"column":34},"end":{"line":74,"column":73}},"22":{"start":{"line":76,"column":21},"end":{"line":81,"column":null}},"23":{"start":{"line":84,"column":6},"end":{"line":88,"column":9}},"24":{"start":{"line":90,"column":6},"end":{"line":90,"column":25}},"25":{"start":{"line":101,"column":4},"end":{"line":120,"column":5}},"26":{"start":{"line":102,"column":25},"end":{"line":102,"column":35}},"27":{"start":{"line":104,"column":19},"end":{"line":104,"column":56}},"28":{"start":{"line":106,"column":6},"end":{"line":110,"column":9}},"29":{"start":{"line":112,"column":6},"end":{"line":117,"column":7}},"30":{"start":{"line":113,"column":8},"end":{"line":116,"column":11}},"31":{"start":{"line":119,"column":6},"end":{"line":119,"column":25}},"32":{"start":{"line":130,"column":4},"end":{"line":160,"column":5}},"33":{"start":{"line":131,"column":25},"end":{"line":131,"column":35}},"34":{"start":{"line":132,"column":25},"end":{"line":132,"column":33}},"35":{"start":{"line":135,"column":6},"end":{"line":135,"column":33}},"36":{"start":{"line":137,"column":19},"end":{"line":137,"column":67}},"37":{"start":{"line":139,"column":6},"end":{"line":143,"column":9}},"38":{"start":{"line":145,"column":6},"end":{"line":150,"column":7}},"39":{"start":{"line":146,"column":8},"end":{"line":149,"column":11}},"40":{"start":{"line":152,"column":6},"end":{"line":157,"column":7}},"41":{"start":{"line":153,"column":8},"end":{"line":156,"column":11}},"42":{"start":{"line":159,"column":6},"end":{"line":159,"column":25}},"43":{"start":{"line":170,"column":4},"end":{"line":188,"column":5}},"44":{"start":{"line":171,"column":25},"end":{"line":171,"column":35}},"45":{"start":{"line":173,"column":6},"end":{"line":173,"column":43}},"46":{"start":{"line":175,"column":6},"end":{"line":178,"column":9}},"47":{"start":{"line":180,"column":6},"end":{"line":185,"column":7}},"48":{"start":{"line":181,"column":8},"end":{"line":184,"column":11}},"49":{"start":{"line":187,"column":6},"end":{"line":187,"column":25}},"50":{"start":{"line":198,"column":4},"end":{"line":225,"column":5}},"51":{"start":{"line":199,"column":25},"end":{"line":199,"column":35}},"52":{"start":{"line":200,"column":27},"end":{"line":200,"column":35}},"53":{"start":{"line":202,"column":6},"end":{"line":207,"column":7}},"54":{"start":{"line":203,"column":8},"end":{"line":206,"column":11}},"55":{"start":{"line":209,"column":19},"end":{"line":209,"column":71}},"56":{"start":{"line":211,"column":6},"end":{"line":215,"column":9}},"57":{"start":{"line":217,"column":6},"end":{"line":222,"column":7}},"58":{"start":{"line":218,"column":8},"end":{"line":221,"column":11}},"59":{"start":{"line":224,"column":6},"end":{"line":224,"column":25}},"60":{"start":{"line":235,"column":4},"end":{"line":273,"column":5}},"61":{"start":{"line":237,"column":21},"end":{"line":237,"column":42}},"62":{"start":{"line":238,"column":6},"end":{"line":244,"column":7}},"63":{"start":{"line":239,"column":8},"end":{"line":243,"column":11}},"64":{"start":{"line":247,"column":21},"end":{"line":247,"column":34}},"65":{"start":{"line":248,"column":6},"end":{"line":253,"column":7}},"66":{"start":{"line":249,"column":8},"end":{"line":252,"column":11}},"67":{"start":{"line":255,"column":26},"end":{"line":255,"column":34}},"68":{"start":{"line":258,"column":6},"end":{"line":258,"column":34}},"69":{"start":{"line":259,"column":6},"end":{"line":259,"column":31}},"70":{"start":{"line":260,"column":6},"end":{"line":260,"column":30}},"71":{"start":{"line":261,"column":6},"end":{"line":261,"column":37}},"72":{"start":{"line":263,"column":19},"end":{"line":263,"column":71}},"73":{"start":{"line":265,"column":6},"end":{"line":269,"column":9}},"74":{"start":{"line":271,"column":6},"end":{"line":271,"column":88}},"75":{"start":{"line":272,"column":6},"end":{"line":272,"column":25}},"76":{"start":{"line":283,"column":4},"end":{"line":320,"column":5}},"77":{"start":{"line":285,"column":21},"end":{"line":285,"column":42}},"78":{"start":{"line":286,"column":6},"end":{"line":292,"column":7}},"79":{"start":{"line":287,"column":8},"end":{"line":291,"column":11}},"80":{"start":{"line":294,"column":21},"end":{"line":294,"column":34}},"81":{"start":{"line":295,"column":6},"end":{"line":300,"column":7}},"82":{"start":{"line":296,"column":8},"end":{"line":299,"column":11}},"83":{"start":{"line":302,"column":47},"end":{"line":302,"column":55}},"84":{"start":{"line":304,"column":6},"end":{"line":304,"column":77}},"85":{"start":{"line":306,"column":6},"end":{"line":309,"column":9}},"86":{"start":{"line":311,"column":6},"end":{"line":316,"column":7}},"87":{"start":{"line":312,"column":8},"end":{"line":315,"column":11}},"88":{"start":{"line":318,"column":6},"end":{"line":318,"column":89}},"89":{"start":{"line":319,"column":6},"end":{"line":319,"column":25}},"90":{"start":{"line":330,"column":4},"end":{"line":360,"column":5}},"91":{"start":{"line":331,"column":21},"end":{"line":331,"column":34}},"92":{"start":{"line":332,"column":6},"end":{"line":337,"column":7}},"93":{"start":{"line":333,"column":8},"end":{"line":336,"column":11}},"94":{"start":{"line":339,"column":38},"end":{"line":339,"column":46}},"95":{"start":{"line":341,"column":6},"end":{"line":346,"column":7}},"96":{"start":{"line":342,"column":8},"end":{"line":345,"column":11}},"97":{"start":{"line":348,"column":19},"end":{"line":348,"column":114}},"98":{"start":{"line":350,"column":6},"end":{"line":356,"column":9}},"99":{"start":{"line":358,"column":6},"end":{"line":358,"column":101}},"100":{"start":{"line":359,"column":6},"end":{"line":359,"column":25}},"101":{"start":{"line":370,"column":4},"end":{"line":389,"column":5}},"102":{"start":{"line":371,"column":21},"end":{"line":371,"column":34}},"103":{"start":{"line":372,"column":6},"end":{"line":377,"column":7}},"104":{"start":{"line":373,"column":8},"end":{"line":376,"column":11}},"105":{"start":{"line":379,"column":22},"end":{"line":379,"column":62}},"106":{"start":{"line":381,"column":6},"end":{"line":385,"column":9}},"107":{"start":{"line":387,"column":6},"end":{"line":387,"column":90}},"108":{"start":{"line":388,"column":6},"end":{"line":388,"column":25}},"109":{"start":{"line":399,"column":4},"end":{"line":433,"column":5}},"110":{"start":{"line":400,"column":21},"end":{"line":400,"column":34}},"111":{"start":{"line":401,"column":6},"end":{"line":406,"column":7}},"112":{"start":{"line":402,"column":8},"end":{"line":405,"column":11}},"113":{"start":{"line":408,"column":27},"end":{"line":408,"column":37}},"114":{"start":{"line":410,"column":6},"end":{"line":415,"column":7}},"115":{"start":{"line":411,"column":8},"end":{"line":414,"column":11}},"116":{"start":{"line":417,"column":6},"end":{"line":417,"column":59}},"117":{"start":{"line":419,"column":6},"end":{"line":422,"column":9}},"118":{"start":{"line":424,"column":6},"end":{"line":429,"column":7}},"119":{"start":{"line":425,"column":8},"end":{"line":428,"column":11}},"120":{"start":{"line":431,"column":6},"end":{"line":431,"column":92}},"121":{"start":{"line":432,"column":6},"end":{"line":432,"column":25}},"122":{"start":{"line":443,"column":4},"end":{"line":483,"column":5}},"123":{"start":{"line":444,"column":25},"end":{"line":444,"column":35}},"124":{"start":{"line":445,"column":45},"end":{"line":445,"column":54}},"125":{"start":{"line":448,"column":28},"end":{"line":448,"column":63}},"126":{"start":{"line":449,"column":22},"end":{"line":449,"column":48}},"127":{"start":{"line":451,"column":6},"end":{"line":456,"column":7}},"128":{"start":{"line":452,"column":8},"end":{"line":455,"column":11}},"129":{"start":{"line":458,"column":43},"end":{"line":458,"column":45}},"130":{"start":{"line":459,"column":6},"end":{"line":459,"column":36}},"131":{"start":{"line":459,"column":16},"end":{"line":459,"column":36}},"132":{"start":{"line":461,"column":25},"end":{"line":465,"column":null}},"133":{"start":{"line":468,"column":6},"end":{"line":472,"column":9}},"134":{"start":{"line":474,"column":6},"end":{"line":479,"column":7}},"135":{"start":{"line":475,"column":8},"end":{"line":478,"column":11}},"136":{"start":{"line":481,"column":6},"end":{"line":481,"column":91}},"137":{"start":{"line":482,"column":6},"end":{"line":482,"column":25}},"138":{"start":{"line":488,"column":23},"end":{"line":488,"column":43}},"139":{"start":{"line":492,"column":2},"end":{"line":504,"column":19}}},"fnMap":{"0":{"name":"(anonymous_1)","decl":{"start":{"line":21,"column":2},"end":{"line":21,"column":7}},"loc":{"start":{"line":21,"column":66},"end":{"line":50,"column":3}}},"1":{"name":"(anonymous_2)","decl":{"start":{"line":58,"column":2},"end":{"line":58,"column":7}},"loc":{"start":{"line":58,"column":64},"end":{"line":92,"column":3}}},"2":{"name":"(anonymous_3)","decl":{"start":{"line":100,"column":2},"end":{"line":100,"column":7}},"loc":{"start":{"line":100,"column":67},"end":{"line":121,"column":3}}},"3":{"name":"(anonymous_4)","decl":{"start":{"line":129,"column":2},"end":{"line":129,"column":7}},"loc":{"start":{"line":129,"column":66},"end":{"line":161,"column":3}}},"4":{"name":"(anonymous_5)","decl":{"start":{"line":169,"column":2},"end":{"line":169,"column":7}},"loc":{"start":{"line":169,"column":66},"end":{"line":189,"column":3}}},"5":{"name":"(anonymous_6)","decl":{"start":{"line":197,"column":2},"end":{"line":197,"column":7}},"loc":{"start":{"line":197,"column":72},"end":{"line":226,"column":3}}},"6":{"name":"(anonymous_7)","decl":{"start":{"line":234,"column":2},"end":{"line":234,"column":7}},"loc":{"start":{"line":234,"column":69},"end":{"line":274,"column":3}}},"7":{"name":"(anonymous_8)","decl":{"start":{"line":282,"column":2},"end":{"line":282,"column":7}},"loc":{"start":{"line":282,"column":70},"end":{"line":321,"column":3}}},"8":{"name":"(anonymous_9)","decl":{"start":{"line":329,"column":2},"end":{"line":329,"column":7}},"loc":{"start":{"line":329,"column":81},"end":{"line":361,"column":3}}},"9":{"name":"(anonymous_10)","decl":{"start":{"line":369,"column":2},"end":{"line":369,"column":7}},"loc":{"start":{"line":369,"column":70},"end":{"line":390,"column":3}}},"10":{"name":"(anonymous_11)","decl":{"start":{"line":398,"column":2},"end":{"line":398,"column":7}},"loc":{"start":{"line":398,"column":72},"end":{"line":434,"column":3}}},"11":{"name":"(anonymous_12)","decl":{"start":{"line":442,"column":2},"end":{"line":442,"column":7}},"loc":{"start":{"line":442,"column":71},"end":{"line":484,"column":3}}}},"branchMap":{"0":{"loc":{"start":{"line":26,"column":6},"end":{"line":31,"column":7}},"type":"if","locations":[{"start":{"line":26,"column":6},"end":{"line":31,"column":7}}]},"1":{"loc":{"start":{"line":26,"column":10},"end":{"line":26,"column":92}},"type":"binary-expr","locations":[{"start":{"line":26,"column":10},"end":{"line":26,"column":28}},{"start":{"line":26,"column":32},"end":{"line":26,"column":47}},{"start":{"line":26,"column":51},"end":{"line":26,"column":70}},{"start":{"line":26,"column":74},"end":{"line":26,"column":92}}]},"2":{"loc":{"start":{"line":41,"column":6},"end":{"line":46,"column":7}},"type":"if","locations":[{"start":{"line":41,"column":6},"end":{"line":46,"column":7}}]},"3":{"loc":{"start":{"line":41,"column":11},"end":{"line":41,"column":87}},"type":"binary-expr","locations":[{"start":{"line":41,"column":11},"end":{"line":41,"column":54}},{"start":{"line":41,"column":59},"end":{"line":41,"column":87}}]},"4":{"loc":{"start":{"line":61,"column":8},"end":{"line":61,"column":16}},"type":"default-arg","locations":[{"start":{"line":61,"column":15},"end":{"line":61,"column":16}}]},"5":{"loc":{"start":{"line":62,"column":8},"end":{"line":62,"column":18}},"type":"default-arg","locations":[{"start":{"line":62,"column":16},"end":{"line":62,"column":18}}]},"6":{"loc":{"start":{"line":63,"column":8},"end":{"line":63,"column":28}},"type":"default-arg","locations":[{"start":{"line":63,"column":17},"end":{"line":63,"column":28}}]},"7":{"loc":{"start":{"line":64,"column":8},"end":{"line":64,"column":26}},"type":"default-arg","locations":[{"start":{"line":64,"column":20},"end":{"line":64,"column":26}}]},"8":{"loc":{"start":{"line":72,"column":6},"end":{"line":72,"column":42}},"type":"if","locations":[{"start":{"line":72,"column":6},"end":{"line":72,"column":42}}]},"9":{"loc":{"start":{"line":73,"column":6},"end":{"line":73,"column":36}},"type":"if","locations":[{"start":{"line":73,"column":6},"end":{"line":73,"column":36}}]},"10":{"loc":{"start":{"line":74,"column":6},"end":{"line":74,"column":73}},"type":"if","locations":[{"start":{"line":74,"column":6},"end":{"line":74,"column":73}}]},"11":{"loc":{"start":{"line":112,"column":6},"end":{"line":117,"column":7}},"type":"if","locations":[{"start":{"line":112,"column":6},"end":{"line":117,"column":7}}]},"12":{"loc":{"start":{"line":145,"column":6},"end":{"line":150,"column":7}},"type":"if","locations":[{"start":{"line":145,"column":6},"end":{"line":150,"column":7}}]},"13":{"loc":{"start":{"line":152,"column":6},"end":{"line":157,"column":7}},"type":"if","locations":[{"start":{"line":152,"column":6},"end":{"line":157,"column":7}}]},"14":{"loc":{"start":{"line":180,"column":6},"end":{"line":185,"column":7}},"type":"if","locations":[{"start":{"line":180,"column":6},"end":{"line":185,"column":7}}]},"15":{"loc":{"start":{"line":202,"column":6},"end":{"line":207,"column":7}},"type":"if","locations":[{"start":{"line":202,"column":6},"end":{"line":207,"column":7}}]},"16":{"loc":{"start":{"line":213,"column":25},"end":{"line":213,"column":63}},"type":"cond-expr","locations":[{"start":{"line":213,"column":36},"end":{"line":213,"column":47}},{"start":{"line":213,"column":50},"end":{"line":213,"column":63}}]},"17":{"loc":{"start":{"line":217,"column":6},"end":{"line":222,"column":7}},"type":"if","locations":[{"start":{"line":217,"column":6},"end":{"line":222,"column":7}}]},"18":{"loc":{"start":{"line":238,"column":6},"end":{"line":244,"column":7}},"type":"if","locations":[{"start":{"line":238,"column":6},"end":{"line":244,"column":7}}]},"19":{"loc":{"start":{"line":248,"column":6},"end":{"line":253,"column":7}},"type":"if","locations":[{"start":{"line":248,"column":6},"end":{"line":253,"column":7}}]},"20":{"loc":{"start":{"line":286,"column":6},"end":{"line":292,"column":7}},"type":"if","locations":[{"start":{"line":286,"column":6},"end":{"line":292,"column":7}}]},"21":{"loc":{"start":{"line":295,"column":6},"end":{"line":300,"column":7}},"type":"if","locations":[{"start":{"line":295,"column":6},"end":{"line":300,"column":7}}]},"22":{"loc":{"start":{"line":311,"column":6},"end":{"line":316,"column":7}},"type":"if","locations":[{"start":{"line":311,"column":6},"end":{"line":316,"column":7}}]},"23":{"loc":{"start":{"line":332,"column":6},"end":{"line":337,"column":7}},"type":"if","locations":[{"start":{"line":332,"column":6},"end":{"line":337,"column":7}}]},"24":{"loc":{"start":{"line":341,"column":6},"end":{"line":346,"column":7}},"type":"if","locations":[{"start":{"line":341,"column":6},"end":{"line":346,"column":7}}]},"25":{"loc":{"start":{"line":372,"column":6},"end":{"line":377,"column":7}},"type":"if","locations":[{"start":{"line":372,"column":6},"end":{"line":377,"column":7}}]},"26":{"loc":{"start":{"line":401,"column":6},"end":{"line":406,"column":7}},"type":"if","locations":[{"start":{"line":401,"column":6},"end":{"line":406,"column":7}}]},"27":{"loc":{"start":{"line":410,"column":6},"end":{"line":415,"column":7}},"type":"if","locations":[{"start":{"line":410,"column":6},"end":{"line":415,"column":7}}]},"28":{"loc":{"start":{"line":424,"column":6},"end":{"line":429,"column":7}},"type":"if","locations":[{"start":{"line":424,"column":6},"end":{"line":429,"column":7}}]},"29":{"loc":{"start":{"line":445,"column":14},"end":{"line":445,"column":22}},"type":"default-arg","locations":[{"start":{"line":445,"column":21},"end":{"line":445,"column":22}}]},"30":{"loc":{"start":{"line":445,"column":24},"end":{"line":445,"column":34}},"type":"default-arg","locations":[{"start":{"line":445,"column":32},"end":{"line":445,"column":34}}]},"31":{"loc":{"start":{"line":451,"column":6},"end":{"line":456,"column":7}},"type":"if","locations":[{"start":{"line":451,"column":6},"end":{"line":456,"column":7}}]},"32":{"loc":{"start":{"line":451,"column":10},"end":{"line":451,"column":36}},"type":"binary-expr","locations":[{"start":{"line":451,"column":10},"end":{"line":451,"column":24}},{"start":{"line":451,"column":28},"end":{"line":451,"column":36}}]},"33":{"loc":{"start":{"line":459,"column":6},"end":{"line":459,"column":36}},"type":"if","locations":[{"start":{"line":459,"column":6},"end":{"line":459,"column":36}}]},"34":{"loc":{"start":{"line":474,"column":6},"end":{"line":479,"column":7}},"type":"if","locations":[{"start":{"line":474,"column":6},"end":{"line":479,"column":7}}]}},"s":{"0":1,"1":1,"2":1,"3":1,"4":0,"5":0,"6":0,"7":0,"8":0,"9":0,"10":0,"11":0,"12":0,"13":0,"14":0,"15":0,"16":0,"17":0,"18":0,"19":0,"20":0,"21":0,"22":0,"23":0,"24":0,"25":0,"26":0,"27":0,"28":0,"29":0,"30":0,"31":0,"32":0,"33":0,"34":0,"35":0,"36":0,"37":0,"38":0,"39":0,"40":0,"41":0,"42":0,"43":0,"44":0,"45":0,"46":0,"47":0,"48":0,"49":0,"50":0,"51":0,"52":0,"53":0,"54":0,"55":0,"56":0,"57":0,"58":0,"59":0,"60":0,"61":0,"62":0,"63":0,"64":0,"65":0,"66":0,"67":0,"68":0,"69":0,"70":0,"71":0,"72":0,"73":0,"74":0,"75":0,"76":0,"77":0,"78":0,"79":0,"80":0,"81":0,"82":0,"83":0,"84":0,"85":0,"86":0,"87":0,"88":0,"89":0,"90":0,"91":0,"92":0,"93":0,"94":0,"95":0,"96":0,"97":0,"98":0,"99":0,"100":0,"101":0,"102":0,"103":0,"104":0,"105":0,"106":0,"107":0,"108":0,"109":0,"110":0,"111":0,"112":0,"113":0,"114":0,"115":0,"116":0,"117":0,"118":0,"119":0,"120":0,"121":0,"122":0,"123":0,"124":0,"125":0,"126":0,"127":0,"128":0,"129":0,"130":0,"131":0,"132":0,"133":0,"134":0,"135":0,"136":0,"137":0,"138":1,"139":1},"f":{"0":0,"1":0,"2":0,"3":0,"4":0,"5":0,"6":0,"7":0,"8":0,"9":0,"10":0,"11":0},"b":{"0":[0],"1":[0,0,0,0],"2":[0],"3":[0,0],"4":[0],"5":[0],"6":[0],"7":[0],"8":[0],"9":[0],"10":[0],"11":[0],"12":[0],"13":[0],"14":[0],"15":[0],"16":[0,0],"17":[0],"18":[0],"19":[0],"20":[0],"21":[0],"22":[0],"23":[0],"24":[0],"25":[0],"26":[0],"27":[0],"28":[0],"29":[0],"30":[0],"31":[0],"32":[0,0],"33":[0],"34":[0]}}
,"/Users/apple/Downloads/sap-project/backend/services/user-service/src/interfaces/user.interfaces.ts": {"path":"/Users/apple/Downloads/sap-project/backend/services/user-service/src/interfaces/user.interfaces.ts","statementMap":{"0":{"start":{"line":8,"column":0},"end":{"line":8,"column":null}},"1":{"start":{"line":9,"column":2},"end":{"line":9,"column":null}},"2":{"start":{"line":10,"column":2},"end":{"line":10,"column":null}},"3":{"start":{"line":11,"column":2},"end":{"line":11,"column":null}},"4":{"start":{"line":12,"column":2},"end":{"line":12,"column":null}},"5":{"start":{"line":13,"column":2},"end":{"line":13,"column":null}},"6":{"start":{"line":19,"column":0},"end":{"line":19,"column":null}},"7":{"start":{"line":20,"column":2},"end":{"line":20,"column":null}},"8":{"start":{"line":21,"column":2},"end":{"line":21,"column":null}},"9":{"start":{"line":22,"column":2},"end":{"line":22,"column":null}}},"fnMap":{"0":{"name":"(anonymous_0)","decl":{"start":{"line":8,"column":0},"end":{"line":8,"column":12}},"loc":{"start":{"line":8,"column":20},"end":{"line":14,"column":1}}},"1":{"name":"(anonymous_1)","decl":{"start":{"line":19,"column":0},"end":{"line":19,"column":12}},"loc":{"start":{"line":19,"column":27},"end":{"line":23,"column":1}}}},"branchMap":{"0":{"loc":{"start":{"line":8,"column":12},"end":{"line":8,"column":null}},"type":"binary-expr","locations":[{"start":{"line":8,"column":12},"end":{"line":8,"column":20}},{"start":{"line":8,"column":20},"end":{"line":8,"column":null}}]},"1":{"loc":{"start":{"line":19,"column":12},"end":{"line":19,"column":null}},"type":"binary-expr","locations":[{"start":{"line":19,"column":12},"end":{"line":19,"column":27}},{"start":{"line":19,"column":27},"end":{"line":19,"column":null}}]}},"s":{"0":2,"1":2,"2":2,"3":2,"4":2,"5":2,"6":2,"7":2,"8":2,"9":2},"f":{"0":2,"1":2},"b":{"0":[2,2],"1":[2,2]}}
,"/Users/apple/Downloads/sap-project/backend/services/user-service/src/middlewares/auth.middleware.ts": {"path":"/Users/apple/Downloads/sap-project/backend/services/user-service/src/middlewares/auth.middleware.ts","statementMap":{"0":{"start":{"line":2,"column":0},"end":{"line":2,"column":31}},"1":{"start":{"line":6,"column":15},"end":{"line":11,"column":2}},"2":{"start":{"line":7,"column":28},"end":{"line":7,"column":70}},"3":{"start":{"line":8,"column":29},"end":{"line":8,"column":72}},"4":{"start":{"line":9,"column":28},"end":{"line":9,"column":70}},"5":{"start":{"line":10,"column":29},"end":{"line":10,"column":72}},"6":{"start":{"line":14,"column":19},"end":{"line":14,"column":62}},"7":{"start":{"line":22,"column":30},"end":{"line":65,"column":1}},"8":{"start":{"line":23,"column":2},"end":{"line":64,"column":3}},"9":{"start":{"line":25,"column":23},"end":{"line":25,"column":48}},"10":{"start":{"line":27,"column":4},"end":{"line":32,"column":5}},"11":{"start":{"line":28,"column":6},"end":{"line":31,"column":9}},"12":{"start":{"line":35,"column":18},"end":{"line":35,"column":42}},"13":{"start":{"line":37,"column":4},"end":{"line":42,"column":5}},"14":{"start":{"line":38,"column":6},"end":{"line":41,"column":9}},"15":{"start":{"line":45,"column":20},"end":{"line":45,"column":63}},"16":{"start":{"line":50,"column":5},"end":{"line":54,"column":6}},"17":{"start":{"line":56,"column":4},"end":{"line":56,"column":11}},"18":{"start":{"line":58,"column":4},"end":{"line":58,"column":80}},"19":{"start":{"line":60,"column":4},"end":{"line":63,"column":7}},"20":{"start":{"line":22,"column":13},"end":{"line":22,"column":30}},"21":{"start":{"line":71,"column":33},"end":{"line":89,"column":1}},"22":{"start":{"line":72,"column":2},"end":{"line":88,"column":4}},"23":{"start":{"line":73,"column":4},"end":{"line":78,"column":5}},"24":{"start":{"line":74,"column":6},"end":{"line":77,"column":9}},"25":{"start":{"line":80,"column":4},"end":{"line":85,"column":5}},"26":{"start":{"line":81,"column":6},"end":{"line":84,"column":9}},"27":{"start":{"line":87,"column":4},"end":{"line":87,"column":11}},"28":{"start":{"line":71,"column":13},"end":{"line":71,"column":33}}},"fnMap":{"0":{"name":"(anonymous_1)","decl":{"start":{"line":7,"column":8},"end":{"line":7,"column":9}},"loc":{"start":{"line":7,"column":28},"end":{"line":7,"column":70}}},"1":{"name":"(anonymous_2)","decl":{"start":{"line":8,"column":9},"end":{"line":8,"column":10}},"loc":{"start":{"line":8,"column":29},"end":{"line":8,"column":72}}},"2":{"name":"(anonymous_3)","decl":{"start":{"line":9,"column":8},"end":{"line":9,"column":9}},"loc":{"start":{"line":9,"column":28},"end":{"line":9,"column":70}}},"3":{"name":"(anonymous_4)","decl":{"start":{"line":10,"column":9},"end":{"line":10,"column":10}},"loc":{"start":{"line":10,"column":29},"end":{"line":10,"column":72}}},"4":{"name":"(anonymous_5)","decl":{"start":{"line":22,"column":30},"end":{"line":22,"column":35}},"loc":{"start":{"line":22,"column":114},"end":{"line":65,"column":1}}},"5":{"name":"(anonymous_6)","decl":{"start":{"line":71,"column":33},"end":{"line":71,"column":34}},"loc":{"start":{"line":71,"column":53},"end":{"line":89,"column":1}}},"6":{"name":"(anonymous_7)","decl":{"start":{"line":72,"column":9},"end":{"line":72,"column":10}},"loc":{"start":{"line":72,"column":78},"end":{"line":88,"column":3}}}},"branchMap":{"0":{"loc":{"start":{"line":14,"column":19},"end":{"line":14,"column":62}},"type":"binary-expr","locations":[{"start":{"line":14,"column":19},"end":{"line":14,"column":41}},{"start":{"line":14,"column":45},"end":{"line":14,"column":62}}]},"1":{"loc":{"start":{"line":27,"column":4},"end":{"line":32,"column":5}},"type":"if","locations":[{"start":{"line":27,"column":4},"end":{"line":32,"column":5}}]},"2":{"loc":{"start":{"line":27,"column":8},"end":{"line":27,"column":56}},"type":"binary-expr","locations":[{"start":{"line":27,"column":8},"end":{"line":27,"column":19}},{"start":{"line":27,"column":23},"end":{"line":27,"column":56}}]},"3":{"loc":{"start":{"line":37,"column":4},"end":{"line":42,"column":5}},"type":"if","locations":[{"start":{"line":37,"column":4},"end":{"line":42,"column":5}}]},"4":{"loc":{"start":{"line":73,"column":4},"end":{"line":78,"column":5}},"type":"if","locations":[{"start":{"line":73,"column":4},"end":{"line":78,"column":5}}]},"5":{"loc":{"start":{"line":80,"column":4},"end":{"line":85,"column":5}},"type":"if","locations":[{"start":{"line":80,"column":4},"end":{"line":85,"column":5}}]}},"s":{"0":1,"1":1,"2":0,"3":0,"4":0,"5":0,"6":1,"7":1,"8":0,"9":0,"10":0,"11":0,"12":0,"13":0,"14":0,"15":0,"16":0,"17":0,"18":0,"19":0,"20":1,"21":1,"22":4,"23":0,"24":0,"25":0,"26":0,"27":0,"28":1},"f":{"0":0,"1":0,"2":0,"3":0,"4":0,"5":4,"6":0},"b":{"0":[1,1],"1":[0],"2":[0,0],"3":[0],"4":[0],"5":[0]}}
,"/Users/apple/Downloads/sap-project/backend/services/user-service/src/mocks/bcrypt.ts": {"path":"/Users/apple/Downloads/sap-project/backend/services/user-service/src/mocks/bcrypt.ts","statementMap":{"0":{"start":{"line":4,"column":0},"end":{"line":8,"column":2}}},"fnMap":{},"branchMap":{},"s":{"0":1},"f":{},"b":{}}
,"/Users/apple/Downloads/sap-project/backend/services/user-service/src/models/User.ts": {"path":"/Users/apple/Downloads/sap-project/backend/services/user-service/src/models/User.ts","statementMap":{"0":{"start":{"line":1,"column":0},"end":{"line":1,"column":51}},"1":{"start":{"line":2,"column":0},"end":{"line":2,"column":88}},"2":{"start":{"line":4,"column":19},"end":{"line":104,"column":2}},"3":{"start":{"line":107,"column":0},"end":{"line":107,"column":52}},"4":{"start":{"line":108,"column":0},"end":{"line":108,"column":49}},"5":{"start":{"line":109,"column":0},"end":{"line":109,"column":30}},"6":{"start":{"line":110,"column":0},"end":{"line":110,"column":34}},"7":{"start":{"line":111,"column":0},"end":{"line":111,"column":44}},"8":{"start":{"line":116,"column":13},"end":{"line":116,"column":52}},"9":{"start":{"line":118,"column":0},"end":{"line":118,"column":20}}},"fnMap":{},"branchMap":{},"s":{"0":2,"1":2,"2":2,"3":2,"4":2,"5":2,"6":2,"7":2,"8":2,"9":2},"f":{},"b":{}}
,"/Users/apple/Downloads/sap-project/backend/services/user-service/src/models/UserActivity.ts": {"path":"/Users/apple/Downloads/sap-project/backend/services/user-service/src/models/UserActivity.ts","statementMap":{"0":{"start":{"line":1,"column":0},"end":{"line":1,"column":51}},"1":{"start":{"line":7,"column":0},"end":{"line":7,"column":null}},"2":{"start":{"line":8,"column":2},"end":{"line":8,"column":null}},"3":{"start":{"line":9,"column":2},"end":{"line":9,"column":null}},"4":{"start":{"line":10,"column":2},"end":{"line":10,"column":null}},"5":{"start":{"line":11,"column":2},"end":{"line":11,"column":null}},"6":{"start":{"line":12,"column":2},"end":{"line":12,"column":null}},"7":{"start":{"line":13,"column":2},"end":{"line":13,"column":null}},"8":{"start":{"line":14,"column":2},"end":{"line":14,"column":null}},"9":{"start":{"line":15,"column":2},"end":{"line":15,"column":null}},"10":{"start":{"line":16,"column":2},"end":{"line":16,"column":null}},"11":{"start":{"line":17,"column":2},"end":{"line":17,"column":null}},"12":{"start":{"line":18,"column":2},"end":{"line":18,"column":null}},"13":{"start":{"line":19,"column":2},"end":{"line":19,"column":null}},"14":{"start":{"line":20,"column":2},"end":{"line":20,"column":null}},"15":{"start":{"line":21,"column":2},"end":{"line":21,"column":null}},"16":{"start":{"line":48,"column":27},"end":{"line":81,"column":2}},"17":{"start":{"line":84,"column":0},"end":{"line":84,"column":53}},"18":{"start":{"line":85,"column":0},"end":{"line":85,"column":38}},"19":{"start":{"line":87,"column":21},"end":{"line":87,"column":84}},"20":{"start":{"line":89,"column":0},"end":{"line":89,"column":28}}},"fnMap":{"0":{"name":"(anonymous_0)","decl":{"start":{"line":7,"column":0},"end":{"line":7,"column":12}},"loc":{"start":{"line":7,"column":24},"end":{"line":22,"column":1}}}},"branchMap":{"0":{"loc":{"start":{"line":7,"column":12},"end":{"line":7,"column":null}},"type":"binary-expr","locations":[{"start":{"line":7,"column":12},"end":{"line":7,"column":24}},{"start":{"line":7,"column":24},"end":{"line":7,"column":null}}]}},"s":{"0":2,"1":2,"2":2,"3":2,"4":2,"5":2,"6":2,"7":2,"8":2,"9":2,"10":2,"11":2,"12":2,"13":2,"14":2,"15":2,"16":2,"17":2,"18":2,"19":2,"20":2},"f":{"0":2},"b":{"0":[2,2]}}
,"/Users/apple/Downloads/sap-project/backend/services/user-service/src/models/UserDevice.ts": {"path":"/Users/apple/Downloads/sap-project/backend/services/user-service/src/models/UserDevice.ts","statementMap":{"0":{"start":{"line":1,"column":0},"end":{"line":1,"column":61}},"1":{"start":{"line":6,"column":0},"end":{"line":6,"column":null}},"2":{"start":{"line":7,"column":2},"end":{"line":7,"column":null}},"3":{"start":{"line":8,"column":2},"end":{"line":8,"column":null}},"4":{"start":{"line":9,"column":2},"end":{"line":9,"column":null}},"5":{"start":{"line":10,"column":2},"end":{"line":10,"column":null}},"6":{"start":{"line":51,"column":25},"end":{"line":105,"column":2}},"7":{"start":{"line":108,"column":0},"end":{"line":108,"column":67}},"8":{"start":{"line":109,"column":0},"end":{"line":109,"column":50}},"9":{"start":{"line":111,"column":19},"end":{"line":111,"column":76}},"10":{"start":{"line":113,"column":0},"end":{"line":113,"column":26}}},"fnMap":{"0":{"name":"(anonymous_0)","decl":{"start":{"line":6,"column":0},"end":{"line":6,"column":12}},"loc":{"start":{"line":6,"column":22},"end":{"line":11,"column":1}}}},"branchMap":{"0":{"loc":{"start":{"line":6,"column":12},"end":{"line":6,"column":null}},"type":"binary-expr","locations":[{"start":{"line":6,"column":12},"end":{"line":6,"column":22}},{"start":{"line":6,"column":22},"end":{"line":6,"column":null}}]}},"s":{"0":3,"1":3,"2":3,"3":3,"4":3,"5":3,"6":3,"7":3,"8":3,"9":3,"10":3},"f":{"0":3},"b":{"0":[3,3]}}
,"/Users/apple/Downloads/sap-project/backend/services/user-service/src/routes/monitoring.routes.ts": {"path":"/Users/apple/Downloads/sap-project/backend/services/user-service/src/routes/monitoring.routes.ts","statementMap":{"0":{"start":{"line":6,"column":0},"end":{"line":6,"column":30}},"1":{"start":{"line":7,"column":0},"end":{"line":7,"column":77}},"2":{"start":{"line":9,"column":15},"end":{"line":9,"column":31}},"3":{"start":{"line":17,"column":0},"end":{"line":17,"column":54}},"4":{"start":{"line":25,"column":0},"end":{"line":25,"column":56}},"5":{"start":{"line":33,"column":0},"end":{"line":33,"column":58}},"6":{"start":{"line":41,"column":0},"end":{"line":41,"column":65}},"7":{"start":{"line":43,"column":0},"end":{"line":43,"column":22}}},"fnMap":{},"branchMap":{},"s":{"0":1,"1":1,"2":1,"3":1,"4":1,"5":1,"6":1,"7":1},"f":{},"b":{}}
,"/Users/apple/Downloads/sap-project/backend/services/user-service/src/routes/user.routes.ts": {"path":"/Users/apple/Downloads/sap-project/backend/services/user-service/src/routes/user.routes.ts","statementMap":{"0":{"start":{"line":1,"column":0},"end":{"line":1,"column":75}},"1":{"start":{"line":2,"column":0},"end":{"line":2,"column":42}},"2":{"start":{"line":3,"column":0},"end":{"line":3,"column":65}},"3":{"start":{"line":8,"column":9},"end":{"line":8,"column":23}},"4":{"start":{"line":4,"column":0},"end":{"line":4,"column":83}},"5":{"start":{"line":5,"column":0},"end":{"line":5,"column":57}},"6":{"start":{"line":12,"column":25},"end":{"line":12,"column":87}},"7":{"start":{"line":12,"column":54},"end":{"line":12,"column":87}},"8":{"start":{"line":15,"column":30},"end":{"line":20,"column":1}},"9":{"start":{"line":16,"column":2},"end":{"line":19,"column":4}},"10":{"start":{"line":18,"column":4},"end":{"line":18,"column":38}},"11":{"start":{"line":15,"column":13},"end":{"line":15,"column":30}},"12":{"start":{"line":24,"column":23},"end":{"line":24,"column":39}},"13":{"start":{"line":31,"column":0},"end":{"line":35,"column":2}},"14":{"start":{"line":42,"column":0},"end":{"line":46,"column":2}},"15":{"start":{"line":53,"column":0},"end":{"line":53,"column":101}},"16":{"start":{"line":60,"column":0},"end":{"line":60,"column":100}},"17":{"start":{"line":67,"column":0},"end":{"line":71,"column":2}},"18":{"start":{"line":78,"column":0},"end":{"line":82,"column":2}},"19":{"start":{"line":89,"column":0},"end":{"line":97,"column":2}},"20":{"start":{"line":104,"column":0},"end":{"line":111,"column":2}},"21":{"start":{"line":118,"column":0},"end":{"line":121,"column":2}},"22":{"start":{"line":128,"column":0},"end":{"line":131,"column":2}},"23":{"start":{"line":138,"column":0},"end":{"line":141,"column":2}},"24":{"start":{"line":148,"column":0},"end":{"line":151,"column":2}},"25":{"start":{"line":153,"column":0},"end":{"line":153,"column":22}}},"fnMap":{"0":{"name":"(anonymous_10)","decl":{"start":{"line":12,"column":25},"end":{"line":12,"column":26}},"loc":{"start":{"line":12,"column":54},"end":{"line":12,"column":87}}},"1":{"name":"(anonymous_11)","decl":{"start":{"line":15,"column":30},"end":{"line":15,"column":31}},"loc":{"start":{"line":15,"column":74},"end":{"line":20,"column":1}}},"2":{"name":"(anonymous_12)","decl":{"start":{"line":16,"column":9},"end":{"line":16,"column":10}},"loc":{"start":{"line":16,"column":61},"end":{"line":19,"column":3}}}},"branchMap":{},"s":{"0":1,"1":1,"2":1,"3":1,"4":1,"5":1,"6":1,"7":16,"8":1,"9":12,"10":0,"11":1,"12":1,"13":1,"14":1,"15":1,"16":1,"17":1,"18":1,"19":1,"20":1,"21":1,"22":1,"23":1,"24":1,"25":1},"f":{"0":16,"1":12,"2":0},"b":{}}
,"/Users/apple/Downloads/sap-project/backend/services/user-service/src/services/user.service.ts": {"path":"/Users/apple/Downloads/sap-project/backend/services/user-service/src/services/user.service.ts","statementMap":{"0":{"start":{"line":1,"column":0},"end":{"line":1,"column":28}},"1":{"start":{"line":3,"column":0},"end":{"line":3,"column":48}},"2":{"start":{"line":4,"column":0},"end":{"line":4,"column":34}},"3":{"start":{"line":5,"column":0},"end":{"line":5,"column":68}},"4":{"start":{"line":6,"column":0},"end":{"line":6,"column":46}},"5":{"start":{"line":7,"column":0},"end":{"line":7,"column":62}},"6":{"start":{"line":18,"column":15},"end":{"line":18,"column":32}},"7":{"start":{"line":30,"column":4},"end":{"line":57,"column":5}},"8":{"start":{"line":32,"column":27},"end":{"line":38,"column":null}},"9":{"start":{"line":33,"column":8},"end":{"line":38,"column":17}},"10":{"start":{"line":41,"column":6},"end":{"line":47,"column":7}},"11":{"start":{"line":42,"column":8},"end":{"line":46,"column":9}},"12":{"start":{"line":43,"column":10},"end":{"line":43,"column":50}},"13":{"start":{"line":45,"column":10},"end":{"line":45,"column":52}},"14":{"start":{"line":50,"column":19},"end":{"line":50,"column":37}},"15":{"start":{"line":51,"column":6},"end":{"line":51,"column":66}},"16":{"start":{"line":51,"column":53},"end":{"line":51,"column":64}},"17":{"start":{"line":53,"column":6},"end":{"line":53,"column":18}},"18":{"start":{"line":55,"column":6},"end":{"line":55,"column":80}},"19":{"start":{"line":56,"column":6},"end":{"line":56,"column":18}},"20":{"start":{"line":76,"column":4},"end":{"line":122,"column":5}},"21":{"start":{"line":77,"column":41},"end":{"line":77,"column":55}},"22":{"start":{"line":80,"column":6},"end":{"line":89,"column":7}},"23":{"start":{"line":81,"column":28},"end":{"line":81,"column":57}},"24":{"start":{"line":82,"column":8},"end":{"line":87,"column":10}},"25":{"start":{"line":88,"column":8},"end":{"line":88,"column":28}},"26":{"start":{"line":92,"column":25},"end":{"line":93,"column":null}},"27":{"start":{"line":93,"column":8},"end":{"line":93,"column":41}},"28":{"start":{"line":97,"column":19},"end":{"line":97,"column":37}},"29":{"start":{"line":100,"column":43},"end":{"line":100,"column":45}},"30":{"start":{"line":101,"column":6},"end":{"line":101,"column":50}},"31":{"start":{"line":104,"column":20},"end":{"line":109,"column":null}},"32":{"start":{"line":105,"column":8},"end":{"line":109,"column":17}},"33":{"start":{"line":112,"column":6},"end":{"line":118,"column":8}},"34":{"start":{"line":120,"column":6},"end":{"line":120,"column":80}},"35":{"start":{"line":121,"column":6},"end":{"line":121,"column":18}},"36":{"start":{"line":131,"column":4},"end":{"line":144,"column":5}},"37":{"start":{"line":132,"column":19},"end":{"line":133,"column":null}},"38":{"start":{"line":133,"column":8},"end":{"line":133,"column":36}},"39":{"start":{"line":136,"column":6},"end":{"line":138,"column":7}},"40":{"start":{"line":137,"column":8},"end":{"line":137,"column":42}},"41":{"start":{"line":140,"column":6},"end":{"line":140,"column":18}},"42":{"start":{"line":142,"column":6},"end":{"line":142,"column":93}},"43":{"start":{"line":143,"column":6},"end":{"line":143,"column":18}},"44":{"start":{"line":154,"column":4},"end":{"line":193,"column":5}},"45":{"start":{"line":156,"column":6},"end":{"line":176,"column":7}},"46":{"start":{"line":157,"column":43},"end":{"line":160,"column":10}},"47":{"start":{"line":162,"column":8},"end":{"line":162,"column":83}},"48":{"start":{"line":162,"column":33},"end":{"line":162,"column":83}},"49":{"start":{"line":163,"column":8},"end":{"line":163,"column":74}},"50":{"start":{"line":163,"column":30},"end":{"line":163,"column":74}},"51":{"start":{"line":165,"column":8},"end":{"line":175,"column":9}},"52":{"start":{"line":166,"column":31},"end":{"line":166,"column":56}},"53":{"start":{"line":168,"column":10},"end":{"line":174,"column":11}},"54":{"start":{"line":169,"column":12},"end":{"line":173,"column":13}},"55":{"start":{"line":170,"column":14},"end":{"line":170,"column":54}},"56":{"start":{"line":171,"column":19},"end":{"line":173,"column":13}},"57":{"start":{"line":172,"column":14},"end":{"line":172,"column":56}},"58":{"start":{"line":179,"column":19},"end":{"line":182,"column":null}},"59":{"start":{"line":185,"column":6},"end":{"line":187,"column":7}},"60":{"start":{"line":186,"column":8},"end":{"line":186,"column":42}},"61":{"start":{"line":189,"column":6},"end":{"line":189,"column":18}},"62":{"start":{"line":191,"column":6},"end":{"line":191,"column":88}},"63":{"start":{"line":192,"column":6},"end":{"line":192,"column":18}},"64":{"start":{"line":202,"column":4},"end":{"line":213,"column":5}},"65":{"start":{"line":203,"column":19},"end":{"line":203,"column":55}},"66":{"start":{"line":205,"column":6},"end":{"line":207,"column":7}},"67":{"start":{"line":206,"column":8},"end":{"line":206,"column":42}},"68":{"start":{"line":209,"column":6},"end":{"line":209,"column":18}},"69":{"start":{"line":211,"column":6},"end":{"line":211,"column":88}},"70":{"start":{"line":212,"column":6},"end":{"line":212,"column":18}},"71":{"start":{"line":223,"column":4},"end":{"line":238,"column":5}},"72":{"start":{"line":224,"column":19},"end":{"line":227,"column":null}},"73":{"start":{"line":230,"column":6},"end":{"line":232,"column":7}},"74":{"start":{"line":231,"column":8},"end":{"line":231,"column":42}},"75":{"start":{"line":234,"column":6},"end":{"line":234,"column":18}},"76":{"start":{"line":236,"column":6},"end":{"line":236,"column":95}},"77":{"start":{"line":237,"column":6},"end":{"line":237,"column":18}},"78":{"start":{"line":248,"column":4},"end":{"line":287,"column":5}},"79":{"start":{"line":250,"column":6},"end":{"line":250,"column":37}},"80":{"start":{"line":253,"column":49},"end":{"line":260,"column":8}},"81":{"start":{"line":263,"column":6},"end":{"line":267,"column":9}},"82":{"start":{"line":264,"column":8},"end":{"line":266,"column":9}},"83":{"start":{"line":265,"column":10},"end":{"line":265,"column":36}},"84":{"start":{"line":270,"column":26},"end":{"line":273,"column":null}},"85":{"start":{"line":276,"column":6},"end":{"line":278,"column":7}},"86":{"start":{"line":277,"column":8},"end":{"line":277,"column":42}},"87":{"start":{"line":281,"column":6},"end":{"line":281,"column":89}},"88":{"start":{"line":283,"column":6},"end":{"line":283,"column":25}},"89":{"start":{"line":285,"column":6},"end":{"line":285,"column":96}},"90":{"start":{"line":286,"column":6},"end":{"line":286,"column":18}},"91":{"start":{"line":298,"column":4},"end":{"line":324,"column":5}},"92":{"start":{"line":300,"column":19},"end":{"line":300,"column":66}},"93":{"start":{"line":302,"column":6},"end":{"line":304,"column":7}},"94":{"start":{"line":303,"column":8},"end":{"line":303,"column":42}},"95":{"start":{"line":307,"column":22},"end":{"line":307,"column":83}},"96":{"start":{"line":309,"column":6},"end":{"line":311,"column":7}},"97":{"start":{"line":310,"column":8},"end":{"line":310,"column":57}},"98":{"start":{"line":314,"column":7},"end":{"line":314,"column":43}},"99":{"start":{"line":315,"column":6},"end":{"line":315,"column":24}},"100":{"start":{"line":318,"column":6},"end":{"line":318,"column":91}},"101":{"start":{"line":320,"column":6},"end":{"line":320,"column":18}},"102":{"start":{"line":322,"column":6},"end":{"line":322,"column":92}},"103":{"start":{"line":323,"column":6},"end":{"line":323,"column":18}},"104":{"start":{"line":334,"column":4},"end":{"line":356,"column":5}},"105":{"start":{"line":336,"column":6},"end":{"line":336,"column":37}},"106":{"start":{"line":339,"column":26},"end":{"line":342,"column":null}},"107":{"start":{"line":345,"column":6},"end":{"line":347,"column":7}},"108":{"start":{"line":346,"column":8},"end":{"line":346,"column":42}},"109":{"start":{"line":350,"column":6},"end":{"line":350,"column":103}},"110":{"start":{"line":352,"column":6},"end":{"line":352,"column":25}},"111":{"start":{"line":354,"column":6},"end":{"line":354,"column":104}},"112":{"start":{"line":355,"column":6},"end":{"line":355,"column":18}},"113":{"start":{"line":373,"column":4},"end":{"line":389,"column":5}},"114":{"start":{"line":374,"column":23},"end":{"line":381,"column":8}},"115":{"start":{"line":383,"column":6},"end":{"line":383,"column":28}},"116":{"start":{"line":384,"column":6},"end":{"line":384,"column":22}},"117":{"start":{"line":386,"column":6},"end":{"line":386,"column":96}},"118":{"start":{"line":388,"column":6},"end":{"line":388,"column":18}},"119":{"start":{"line":406,"column":4},"end":{"line":435,"column":5}},"120":{"start":{"line":408,"column":6},"end":{"line":408,"column":37}},"121":{"start":{"line":411,"column":20},"end":{"line":411,"column":48}},"122":{"start":{"line":414,"column":30},"end":{"line":414,"column":70}},"123":{"start":{"line":417,"column":19},"end":{"line":417,"column":37}},"124":{"start":{"line":420,"column":25},"end":{"line":423,"column":21}},"125":{"start":{"line":425,"column":6},"end":{"line":431,"column":8}},"126":{"start":{"line":433,"column":6},"end":{"line":433,"column":96}},"127":{"start":{"line":434,"column":6},"end":{"line":434,"column":18}},"128":{"start":{"line":444,"column":4},"end":{"line":456,"column":5}},"129":{"start":{"line":446,"column":6},"end":{"line":446,"column":37}},"130":{"start":{"line":449,"column":22},"end":{"line":450,"column":31}},"131":{"start":{"line":452,"column":6},"end":{"line":452,"column":21}},"132":{"start":{"line":454,"column":6},"end":{"line":454,"column":95}},"133":{"start":{"line":455,"column":6},"end":{"line":455,"column":18}},"134":{"start":{"line":466,"column":4},"end":{"line":490,"column":5}},"135":{"start":{"line":468,"column":6},"end":{"line":468,"column":37}},"136":{"start":{"line":471,"column":21},"end":{"line":474,"column":8}},"137":{"start":{"line":476,"column":6},"end":{"line":478,"column":7}},"138":{"start":{"line":477,"column":8},"end":{"line":477,"column":44}},"139":{"start":{"line":481,"column":6},"end":{"line":484,"column":9}},"140":{"start":{"line":486,"column":6},"end":{"line":486,"column":18}},"141":{"start":{"line":488,"column":6},"end":{"line":488,"column":105}},"142":{"start":{"line":489,"column":6},"end":{"line":489,"column":18}},"143":{"start":{"line":495,"column":20},"end":{"line":495,"column":37}},"144":{"start":{"line":496,"column":0},"end":{"line":496,"column":27}}},"fnMap":{"0":{"name":"(anonymous_10)","decl":{"start":{"line":29,"column":2},"end":{"line":29,"column":7}},"loc":{"start":{"line":29,"column":50},"end":{"line":58,"column":3}}},"1":{"name":"(anonymous_11)","decl":{"start":{"line":32,"column":89},"end":{"line":32,"column":92}},"loc":{"start":{"line":33,"column":8},"end":{"line":38,"column":17}}},"2":{"name":"(anonymous_12)","decl":{"start":{"line":51,"column":47},"end":{"line":51,"column":50}},"loc":{"start":{"line":51,"column":53},"end":{"line":51,"column":64}}},"3":{"name":"(anonymous_13)","decl":{"start":{"line":69,"column":2},"end":{"line":69,"column":7}},"loc":{"start":{"line":74,"column":30},"end":{"line":123,"column":3}}},"4":{"name":"(anonymous_14)","decl":{"start":{"line":92,"column":76},"end":{"line":92,"column":79}},"loc":{"start":{"line":93,"column":8},"end":{"line":93,"column":41}}},"5":{"name":"(anonymous_15)","decl":{"start":{"line":104,"column":78},"end":{"line":104,"column":81}},"loc":{"start":{"line":105,"column":8},"end":{"line":109,"column":17}}},"6":{"name":"(anonymous_16)","decl":{"start":{"line":130,"column":2},"end":{"line":130,"column":7}},"loc":{"start":{"line":130,"column":34},"end":{"line":145,"column":3}}},"7":{"name":"(anonymous_17)","decl":{"start":{"line":132,"column":85},"end":{"line":132,"column":88}},"loc":{"start":{"line":133,"column":8},"end":{"line":133,"column":36}}},"8":{"name":"(anonymous_18)","decl":{"start":{"line":153,"column":2},"end":{"line":153,"column":7}},"loc":{"start":{"line":153,"column":68},"end":{"line":194,"column":3}}},"9":{"name":"(anonymous_19)","decl":{"start":{"line":201,"column":2},"end":{"line":201,"column":7}},"loc":{"start":{"line":201,"column":33},"end":{"line":214,"column":3}}},"10":{"name":"(anonymous_20)","decl":{"start":{"line":222,"column":2},"end":{"line":222,"column":7}},"loc":{"start":{"line":222,"column":58},"end":{"line":239,"column":3}}},"11":{"name":"(anonymous_21)","decl":{"start":{"line":247,"column":2},"end":{"line":247,"column":7}},"loc":{"start":{"line":247,"column":72},"end":{"line":288,"column":3}}},"12":{"name":"(anonymous_22)","decl":{"start":{"line":263,"column":41},"end":{"line":263,"column":44}},"loc":{"start":{"line":263,"column":47},"end":{"line":267,"column":7}}},"13":{"name":"(anonymous_23)","decl":{"start":{"line":297,"column":2},"end":{"line":297,"column":7}},"loc":{"start":{"line":297,"column":83},"end":{"line":325,"column":3}}},"14":{"name":"(anonymous_24)","decl":{"start":{"line":333,"column":2},"end":{"line":333,"column":7}},"loc":{"start":{"line":333,"column":90},"end":{"line":357,"column":3}}},"15":{"name":"(anonymous_25)","decl":{"start":{"line":367,"column":2},"end":{"line":367,"column":7}},"loc":{"start":{"line":371,"column":38},"end":{"line":390,"column":3}}},"16":{"name":"(anonymous_26)","decl":{"start":{"line":400,"column":2},"end":{"line":400,"column":7}},"loc":{"start":{"line":404,"column":32},"end":{"line":436,"column":3}}},"17":{"name":"(anonymous_27)","decl":{"start":{"line":443,"column":2},"end":{"line":443,"column":7}},"loc":{"start":{"line":443,"column":37},"end":{"line":457,"column":3}}},"18":{"name":"(anonymous_28)","decl":{"start":{"line":465,"column":2},"end":{"line":465,"column":7}},"loc":{"start":{"line":465,"column":57},"end":{"line":491,"column":3}}}},"branchMap":{"0":{"loc":{"start":{"line":41,"column":6},"end":{"line":47,"column":7}},"type":"if","locations":[{"start":{"line":41,"column":6},"end":{"line":47,"column":7}}]},"1":{"loc":{"start":{"line":42,"column":8},"end":{"line":46,"column":9}},"type":"if","locations":[{"start":{"line":42,"column":8},"end":{"line":46,"column":9}},{"start":{"line":44,"column":15},"end":{"line":46,"column":9}}]},"2":{"loc":{"start":{"line":70,"column":4},"end":{"line":70,"column":28}},"type":"default-arg","locations":[{"start":{"line":70,"column":26},"end":{"line":70,"column":28}}]},"3":{"loc":{"start":{"line":71,"column":4},"end":{"line":71,"column":20}},"type":"default-arg","locations":[{"start":{"line":71,"column":19},"end":{"line":71,"column":20}}]},"4":{"loc":{"start":{"line":72,"column":4},"end":{"line":72,"column":22}},"type":"default-arg","locations":[{"start":{"line":72,"column":20},"end":{"line":72,"column":22}}]},"5":{"loc":{"start":{"line":73,"column":4},"end":{"line":73,"column":32}},"type":"default-arg","locations":[{"start":{"line":73,"column":21},"end":{"line":73,"column":32}}]},"6":{"loc":{"start":{"line":74,"column":4},"end":{"line":74,"column":30}},"type":"default-arg","locations":[{"start":{"line":74,"column":24},"end":{"line":74,"column":30}}]},"7":{"loc":{"start":{"line":80,"column":6},"end":{"line":89,"column":7}},"type":"if","locations":[{"start":{"line":80,"column":6},"end":{"line":89,"column":7}}]},"8":{"loc":{"start":{"line":101,"column":21},"end":{"line":101,"column":49}},"type":"cond-expr","locations":[{"start":{"line":101,"column":43},"end":{"line":101,"column":44}},{"start":{"line":101,"column":47},"end":{"line":101,"column":49}}]},"9":{"loc":{"start":{"line":136,"column":6},"end":{"line":138,"column":7}},"type":"if","locations":[{"start":{"line":136,"column":6},"end":{"line":138,"column":7}}]},"10":{"loc":{"start":{"line":156,"column":6},"end":{"line":176,"column":7}},"type":"if","locations":[{"start":{"line":156,"column":6},"end":{"line":176,"column":7}}]},"11":{"loc":{"start":{"line":156,"column":10},"end":{"line":156,"column":49}},"type":"binary-expr","locations":[{"start":{"line":156,"column":10},"end":{"line":156,"column":29}},{"start":{"line":156,"column":33},"end":{"line":156,"column":49}}]},"12":{"loc":{"start":{"line":162,"column":8},"end":{"line":162,"column":83}},"type":"if","locations":[{"start":{"line":162,"column":8},"end":{"line":162,"column":83}}]},"13":{"loc":{"start":{"line":163,"column":8},"end":{"line":163,"column":74}},"type":"if","locations":[{"start":{"line":163,"column":8},"end":{"line":163,"column":74}}]},"14":{"loc":{"start":{"line":165,"column":8},"end":{"line":175,"column":9}},"type":"if","locations":[{"start":{"line":165,"column":8},"end":{"line":175,"column":9}}]},"15":{"loc":{"start":{"line":168,"column":10},"end":{"line":174,"column":11}},"type":"if","locations":[{"start":{"line":168,"column":10},"end":{"line":174,"column":11}}]},"16":{"loc":{"start":{"line":169,"column":12},"end":{"line":173,"column":13}},"type":"if","locations":[{"start":{"line":169,"column":12},"end":{"line":173,"column":13}},{"start":{"line":171,"column":19},"end":{"line":173,"column":13}}]},"17":{"loc":{"start":{"line":169,"column":16},"end":{"line":169,"column":75}},"type":"binary-expr","locations":[{"start":{"line":169,"column":16},"end":{"line":169,"column":32}},{"start":{"line":169,"column":36},"end":{"line":169,"column":75}}]},"18":{"loc":{"start":{"line":171,"column":19},"end":{"line":173,"column":13}},"type":"if","locations":[{"start":{"line":171,"column":19},"end":{"line":173,"column":13}}]},"19":{"loc":{"start":{"line":171,"column":23},"end":{"line":171,"column":91}},"type":"binary-expr","locations":[{"start":{"line":171,"column":23},"end":{"line":171,"column":42}},{"start":{"line":171,"column":46},"end":{"line":171,"column":91}}]},"20":{"loc":{"start":{"line":185,"column":6},"end":{"line":187,"column":7}},"type":"if","locations":[{"start":{"line":185,"column":6},"end":{"line":187,"column":7}}]},"21":{"loc":{"start":{"line":205,"column":6},"end":{"line":207,"column":7}},"type":"if","locations":[{"start":{"line":205,"column":6},"end":{"line":207,"column":7}}]},"22":{"loc":{"start":{"line":230,"column":6},"end":{"line":232,"column":7}},"type":"if","locations":[{"start":{"line":230,"column":6},"end":{"line":232,"column":7}}]},"23":{"loc":{"start":{"line":264,"column":8},"end":{"line":266,"column":9}},"type":"if","locations":[{"start":{"line":264,"column":8},"end":{"line":266,"column":9}}]},"24":{"loc":{"start":{"line":276,"column":6},"end":{"line":278,"column":7}},"type":"if","locations":[{"start":{"line":276,"column":6},"end":{"line":278,"column":7}}]},"25":{"loc":{"start":{"line":302,"column":6},"end":{"line":304,"column":7}},"type":"if","locations":[{"start":{"line":302,"column":6},"end":{"line":304,"column":7}}]},"26":{"loc":{"start":{"line":309,"column":6},"end":{"line":311,"column":7}},"type":"if","locations":[{"start":{"line":309,"column":6},"end":{"line":311,"column":7}}]},"27":{"loc":{"start":{"line":345,"column":6},"end":{"line":347,"column":7}},"type":"if","locations":[{"start":{"line":345,"column":6},"end":{"line":347,"column":7}}]},"28":{"loc":{"start":{"line":371,"column":4},"end":{"line":371,"column":38}},"type":"default-arg","locations":[{"start":{"line":371,"column":36},"end":{"line":371,"column":38}}]},"29":{"loc":{"start":{"line":379,"column":19},"end":{"line":379,"column":43}},"type":"binary-expr","locations":[{"start":{"line":379,"column":19},"end":{"line":379,"column":37}},{"start":{"line":379,"column":41},"end":{"line":379,"column":43}}]},"30":{"loc":{"start":{"line":380,"column":19},"end":{"line":380,"column":43}},"type":"binary-expr","locations":[{"start":{"line":380,"column":19},"end":{"line":380,"column":37}},{"start":{"line":380,"column":41},"end":{"line":380,"column":43}}]},"31":{"loc":{"start":{"line":402,"column":4},"end":{"line":402,"column":20}},"type":"default-arg","locations":[{"start":{"line":402,"column":19},"end":{"line":402,"column":20}}]},"32":{"loc":{"start":{"line":403,"column":4},"end":{"line":403,"column":22}},"type":"default-arg","locations":[{"start":{"line":403,"column":20},"end":{"line":403,"column":22}}]},"33":{"loc":{"start":{"line":404,"column":4},"end":{"line":404,"column":32}},"type":"default-arg","locations":[{"start":{"line":404,"column":30},"end":{"line":404,"column":32}}]},"34":{"loc":{"start":{"line":476,"column":6},"end":{"line":478,"column":7}},"type":"if","locations":[{"start":{"line":476,"column":6},"end":{"line":478,"column":7}}]}},"s":{"0":1,"1":1,"2":1,"3":1,"4":1,"5":1,"6":1,"7":0,"8":0,"9":0,"10":0,"11":0,"12":0,"13":0,"14":0,"15":0,"16":0,"17":0,"18":0,"19":0,"20":0,"21":0,"22":0,"23":0,"24":0,"25":0,"26":0,"27":0,"28":0,"29":0,"30":0,"31":0,"32":0,"33":0,"34":0,"35":0,"36":0,"37":0,"38":0,"39":0,"40":0,"41":0,"42":0,"43":0,"44":0,"45":0,"46":0,"47":0,"48":0,"49":0,"50":0,"51":0,"52":0,"53":0,"54":0,"55":0,"56":0,"57":0,"58":0,"59":0,"60":0,"61":0,"62":0,"63":0,"64":0,"65":0,"66":0,"67":0,"68":0,"69":0,"70":0,"71":0,"72":0,"73":0,"74":0,"75":0,"76":0,"77":0,"78":0,"79":0,"80":0,"81":0,"82":0,"83":0,"84":0,"85":0,"86":0,"87":0,"88":0,"89":0,"90":0,"91":0,"92":0,"93":0,"94":0,"95":0,"96":0,"97":0,"98":0,"99":0,"100":0,"101":0,"102":0,"103":0,"104":0,"105":0,"106":0,"107":0,"108":0,"109":0,"110":0,"111":0,"112":0,"113":0,"114":0,"115":0,"116":0,"117":0,"118":0,"119":0,"120":0,"121":0,"122":0,"123":0,"124":0,"125":0,"126":0,"127":0,"128":0,"129":0,"130":0,"131":0,"132":0,"133":0,"134":0,"135":0,"136":0,"137":0,"138":0,"139":0,"140":0,"141":0,"142":0,"143":1,"144":1},"f":{"0":0,"1":0,"2":0,"3":0,"4":0,"5":0,"6":0,"7":0,"8":0,"9":0,"10":0,"11":0,"12":0,"13":0,"14":0,"15":0,"16":0,"17":0,"18":0},"b":{"0":[0],"1":[0,0],"2":[0],"3":[0],"4":[0],"5":[0],"6":[0],"7":[0],"8":[0,0],"9":[0],"10":[0],"11":[0,0],"12":[0],"13":[0],"14":[0],"15":[0],"16":[0,0],"17":[0,0],"18":[0],"19":[0,0],"20":[0],"21":[0],"22":[0],"23":[0],"24":[0],"25":[0],"26":[0],"27":[0],"28":[0],"29":[0,0],"30":[0,0],"31":[0],"32":[0],"33":[0],"34":[0]}}
,"/Users/apple/Downloads/sap-project/backend/services/user-service/src/utils/performance.ts": {"path":"/Users/apple/Downloads/sap-project/backend/services/user-service/src/utils/performance.ts","statementMap":{"0":{"start":{"line":6,"column":0},"end":{"line":6,"column":20}},"1":{"start":{"line":8,"column":0},"end":{"line":8,"column":30}},"2":{"start":{"line":11,"column":10},"end":{"line":44,"column":4}},"3":{"start":{"line":48,"column":4},"end":{"line":48,"column":24}},"4":{"start":{"line":51,"column":4},"end":{"line":51,"column":57}},"5":{"start":{"line":51,"column":22},"end":{"line":51,"column":48}},"6":{"start":{"line":54,"column":4},"end":{"line":54,"column":60}},"7":{"start":{"line":54,"column":22},"end":{"line":54,"column":50}},"8":{"start":{"line":61,"column":4},"end":{"line":94,"column":6}},"9":{"start":{"line":97,"column":4},"end":{"line":97,"column":31}},"10":{"start":{"line":108,"column":21},"end":{"line":108,"column":40}},"11":{"start":{"line":111,"column":4},"end":{"line":111,"column":48}},"12":{"start":{"line":112,"column":4},"end":{"line":112,"column":38}},"13":{"start":{"line":113,"column":4},"end":{"line":113,"column":106}},"14":{"start":{"line":114,"column":4},"end":{"line":114,"column":86}},"15":{"start":{"line":115,"column":4},"end":{"line":115,"column":86}},"16":{"start":{"line":118,"column":4},"end":{"line":124,"column":5}},"17":{"start":{"line":119,"column":6},"end":{"line":123,"column":8}},"18":{"start":{"line":126,"column":4},"end":{"line":126,"column":69}},"19":{"start":{"line":127,"column":4},"end":{"line":127,"column":59}},"20":{"start":{"line":128,"column":4},"end":{"line":130,"column":59}},"21":{"start":{"line":133,"column":4},"end":{"line":135,"column":5}},"22":{"start":{"line":134,"column":6},"end":{"line":134,"column":43}},"23":{"start":{"line":138,"column":4},"end":{"line":144,"column":5}},"24":{"start":{"line":139,"column":6},"end":{"line":143,"column":9}},"25":{"start":{"line":154,"column":4},"end":{"line":154,"column":39}},"26":{"start":{"line":155,"column":4},"end":{"line":155,"column":54}},"27":{"start":{"line":156,"column":4},"end":{"line":157,"column":79}},"28":{"start":{"line":160,"column":4},"end":{"line":166,"column":5}},"29":{"start":{"line":161,"column":6},"end":{"line":165,"column":8}},"30":{"start":{"line":168,"column":4},"end":{"line":168,"column":67}},"31":{"start":{"line":169,"column":4},"end":{"line":169,"column":57}},"32":{"start":{"line":170,"column":4},"end":{"line":172,"column":57}},"33":{"start":{"line":175,"column":4},"end":{"line":180,"column":5}},"34":{"start":{"line":176,"column":6},"end":{"line":179,"column":9}},"35":{"start":{"line":188,"column":4},"end":{"line":188,"column":32}},"36":{"start":{"line":190,"column":4},"end":{"line":192,"column":5}},"37":{"start":{"line":191,"column":6},"end":{"line":191,"column":48}},"38":{"start":{"line":194,"column":4},"end":{"line":194,"column":44}},"39":{"start":{"line":202,"column":24},"end":{"line":202,"column":37}},"40":{"start":{"line":203,"column":23},"end":{"line":203,"column":35}},"41":{"start":{"line":204,"column":23},"end":{"line":204,"column":47}},"42":{"start":{"line":206,"column":4},"end":{"line":206,"column":44}},"43":{"start":{"line":207,"column":4},"end":{"line":207,"column":42}},"44":{"start":{"line":208,"column":4},"end":{"line":208,"column":43}},"45":{"start":{"line":209,"column":4},"end":{"line":209,"column":70}},"46":{"start":{"line":212,"column":4},"end":{"line":212,"column":44}},"47":{"start":{"line":213,"column":4},"end":{"line":213,"column":82}},"48":{"start":{"line":216,"column":4},"end":{"line":216,"column":71}},"49":{"start":{"line":223,"column":4},"end":{"line":246,"column":7}},"50":{"start":{"line":255,"column":4},"end":{"line":255,"column":31}},"51":{"start":{"line":257,"column":4},"end":{"line":260,"column":6}},"52":{"start":{"line":265,"column":27},"end":{"line":265,"column":51}},"53":{"start":{"line":270,"column":37},"end":{"line":290,"column":1}},"54":{"start":{"line":271,"column":20},"end":{"line":271,"column":30}},"55":{"start":{"line":274,"column":22},"end":{"line":274,"column":29}},"56":{"start":{"line":277,"column":2},"end":{"line":287,"column":4}},"57":{"start":{"line":278,"column":20},"end":{"line":278,"column":30}},"58":{"start":{"line":279,"column":21},"end":{"line":279,"column":47}},"59":{"start":{"line":282,"column":4},"end":{"line":282,"column":87}},"60":{"start":{"line":286,"column":4},"end":{"line":286,"column":46}},"61":{"start":{"line":289,"column":2},"end":{"line":289,"column":9}},"62":{"start":{"line":270,"column":13},"end":{"line":270,"column":37}},"63":{"start":{"line":298,"column":38},"end":{"line":310,"column":1}},"64":{"start":{"line":299,"column":20},"end":{"line":299,"column":30}},"65":{"start":{"line":301,"column":2},"end":{"line":309,"column":3}},"66":{"start":{"line":302,"column":4},"end":{"line":302,"column":28}},"67":{"start":{"line":304,"column":4},"end":{"line":304,"column":53}},"68":{"start":{"line":305,"column":4},"end":{"line":305,"column":16}},"69":{"start":{"line":307,"column":20},"end":{"line":307,"column":30}},"70":{"start":{"line":308,"column":4},"end":{"line":308,"column":78}},"71":{"start":{"line":298,"column":13},"end":{"line":298,"column":38}},"72":{"start":{"line":312,"column":0},"end":{"line":312,"column":34}}},"fnMap":{"0":{"name":"(anonymous_1)","decl":{"start":{"line":46,"column":2},"end":{"line":46,"column":null}},"loc":{"start":{"line":46,"column":2},"end":{"line":55,"column":3}}},"1":{"name":"(anonymous_2)","decl":{"start":{"line":51,"column":16},"end":{"line":51,"column":19}},"loc":{"start":{"line":51,"column":22},"end":{"line":51,"column":48}}},"2":{"name":"(anonymous_3)","decl":{"start":{"line":54,"column":16},"end":{"line":54,"column":19}},"loc":{"start":{"line":54,"column":22},"end":{"line":54,"column":50}}},"3":{"name":"(anonymous_4)","decl":{"start":{"line":60,"column":2},"end":{"line":60,"column":14}},"loc":{"start":{"line":60,"column":14},"end":{"line":98,"column":3}}},"4":{"name":"(anonymous_5)","decl":{"start":{"line":107,"column":2},"end":{"line":107,"column":19}},"loc":{"start":{"line":107,"column":92},"end":{"line":145,"column":3}}},"5":{"name":"(anonymous_6)","decl":{"start":{"line":152,"column":2},"end":{"line":152,"column":24}},"loc":{"start":{"line":152,"column":60},"end":{"line":181,"column":3}}},"6":{"name":"(anonymous_7)","decl":{"start":{"line":187,"column":2},"end":{"line":187,"column":12}},"loc":{"start":{"line":187,"column":30},"end":{"line":195,"column":3}}},"7":{"name":"(anonymous_8)","decl":{"start":{"line":200,"column":2},"end":{"line":200,"column":21}},"loc":{"start":{"line":200,"column":21},"end":{"line":217,"column":3}}},"8":{"name":"(anonymous_9)","decl":{"start":{"line":222,"column":2},"end":{"line":222,"column":23}},"loc":{"start":{"line":222,"column":23},"end":{"line":247,"column":3}}},"9":{"name":"(anonymous_10)","decl":{"start":{"line":253,"column":2},"end":{"line":253,"column":12}},"loc":{"start":{"line":253,"column":12},"end":{"line":261,"column":3}}},"10":{"name":"(anonymous_11)","decl":{"start":{"line":270,"column":37},"end":{"line":270,"column":38}},"loc":{"start":{"line":270,"column":95},"end":{"line":290,"column":1}}},"11":{"name":"(anonymous_12)","decl":{"start":{"line":277,"column":12},"end":{"line":277,"column":32}},"loc":{"start":{"line":277,"column":84},"end":{"line":287,"column":3}}},"12":{"name":"(anonymous_13)","decl":{"start":{"line":298,"column":38},"end":{"line":298,"column":43}},"loc":{"start":{"line":298,"column":109},"end":{"line":310,"column":1}}}},"branchMap":{"0":{"loc":{"start":{"line":118,"column":4},"end":{"line":124,"column":5}},"type":"if","locations":[{"start":{"line":118,"column":4},"end":{"line":124,"column":5}}]},"1":{"loc":{"start":{"line":133,"column":4},"end":{"line":135,"column":5}},"type":"if","locations":[{"start":{"line":133,"column":4},"end":{"line":135,"column":5}}]},"2":{"loc":{"start":{"line":138,"column":4},"end":{"line":144,"column":5}},"type":"if","locations":[{"start":{"line":138,"column":4},"end":{"line":144,"column":5}}]},"3":{"loc":{"start":{"line":160,"column":4},"end":{"line":166,"column":5}},"type":"if","locations":[{"start":{"line":160,"column":4},"end":{"line":166,"column":5}}]},"4":{"loc":{"start":{"line":175,"column":4},"end":{"line":180,"column":5}},"type":"if","locations":[{"start":{"line":175,"column":4},"end":{"line":180,"column":5}}]},"5":{"loc":{"start":{"line":190,"column":4},"end":{"line":192,"column":5}},"type":"if","locations":[{"start":{"line":190,"column":4},"end":{"line":192,"column":5}}]},"6":{"loc":{"start":{"line":279,"column":21},"end":{"line":279,"column":47}},"type":"binary-expr","locations":[{"start":{"line":279,"column":21},"end":{"line":279,"column":36}},{"start":{"line":279,"column":40},"end":{"line":279,"column":47}}]}},"s":{"0":2,"1":2,"2":2,"3":2,"4":2,"5":0,"6":2,"7":0,"8":8,"9":8,"10":8,"11":8,"12":8,"13":8,"14":8,"15":8,"16":8,"17":7,"18":8,"19":8,"20":8,"21":8,"22":2,"23":8,"24":0,"25":2,"26":2,"27":2,"28":2,"29":2,"30":2,"31":2,"32":2,"33":2,"34":0,"35":3,"36":3,"37":3,"38":3,"39":14,"40":14,"41":14,"42":14,"43":14,"44":14,"45":14,"46":14,"47":14,"48":14,"49":0,"50":6,"51":6,"52":2,"53":2,"54":6,"55":6,"56":6,"57":6,"58":6,"59":6,"60":6,"61":6,"62":2,"63":2,"64":2,"65":2,"66":2,"67":1,"68":1,"69":2,"70":2,"71":2,"72":2},"f":{"0":2,"1":0,"2":0,"3":8,"4":8,"5":2,"6":3,"7":14,"8":0,"9":6,"10":6,"11":6,"12":2},"b":{"0":[7],"1":[2],"2":[0],"3":[2],"4":[0],"5":[3],"6":[6,0]}}
}
