TN:
SF:src/index.ts
FN:27,(anonymous_10)
FN:43,(anonymous_11)
FN:46,(anonymous_12)
FN:59,(anonymous_13)
FN:81,(anonymous_14)
FN:92,(anonymous_15)
FN:98,(anonymous_16)
FN:101,(anonymous_17)
FN:105,(anonymous_18)
FN:113,(anonymous_19)
FN:114,(anonymous_20)
FN:117,(anonymous_21)
FN:122,(anonymous_22)
FNF:13
FNH:2
FNDA:0,(anonymous_10)
FNDA:1,(anonymous_11)
FNDA:0,(anonymous_12)
FNDA:0,(anonymous_13)
FNDA:0,(anonymous_14)
FNDA:1,(anonymous_15)
FNDA:0,(anonymous_16)
FNDA:0,(anonymous_17)
FNDA:0,(anonymous_18)
FNDA:0,(anonymous_19)
FNDA:0,(anonymous_20)
FNDA:0,(anonymous_21)
FNDA:0,(anonymous_22)
DA:1,1
DA:3,1
DA:4,1
DA:5,1
DA:6,1
DA:7,1
DA:8,1
DA:9,1
DA:12,1
DA:13,1
DA:16,1
DA:17,1
DA:18,1
DA:22,1
DA:26,1
DA:27,0
DA:32,1
DA:35,1
DA:37,1
DA:42,1
DA:44,1
DA:47,0
DA:48,0
DA:52,1
DA:55,1
DA:59,1
DA:60,0
DA:62,0
DA:77,1
DA:81,1
DA:82,0
DA:84,0
DA:92,1
DA:93,1
DA:94,1
DA:98,1
DA:99,0
DA:101,0
DA:102,0
DA:105,0
DA:106,0
DA:107,0
DA:113,1
DA:114,1
DA:117,1
DA:118,0
DA:122,1
DA:123,0
DA:128,1
LF:49
LH:34
BRDA:13,0,0,1
BRDA:13,0,1,1
BRDA:27,1,0,0
BRDA:27,1,1,0
BRDA:32,2,0,1
BRDA:32,2,1,1
BRDA:60,3,0,0
BRDA:60,3,1,0
BRDA:87,4,0,0
BRDA:87,4,1,0
BRF:10
BRH:4
end_of_record
TN:
SF:src/controllers/monitoring.controller.ts
FN:17,(anonymous_1)
FN:39,(anonymous_2)
FN:62,(anonymous_3)
FN:98,(anonymous_4)
FNF:4
FNH:4
FNDA:2,(anonymous_1)
FNDA:1,(anonymous_2)
FNDA:1,(anonymous_3)
FNDA:2,(anonymous_4)
DA:7,1
DA:8,1
DA:9,1
DA:10,1
DA:17,1
DA:18,2
DA:20,2
DA:39,1
DA:40,1
DA:41,1
DA:43,1
DA:48,0
DA:49,0
DA:62,1
DA:63,1
DA:64,1
DA:79,1
DA:84,0
DA:85,0
DA:98,1
DA:99,2
DA:101,2
DA:102,1
DA:104,1
DA:105,1
DA:115,1
DA:117,1
DA:122,0
DA:123,0
LF:29
LH:23
BRDA:18,0,0,2
BRDA:18,0,1,0
BRDA:52,1,0,0
BRDA:52,1,1,0
BRDA:88,2,0,0
BRDA:88,2,1,0
BRDA:101,3,0,1
BRDA:104,4,0,1
BRDA:104,5,0,1
BRDA:104,5,1,0
BRDA:126,6,0,0
BRDA:126,6,1,0
BRF:12
BRH:4
end_of_record
TN:
SF:src/controllers/user.controller.ts
FN:21,(anonymous_1)
FN:58,(anonymous_2)
FN:100,(anonymous_3)
FN:129,(anonymous_4)
FN:169,(anonymous_5)
FN:197,(anonymous_6)
FN:234,(anonymous_7)
FN:282,(anonymous_8)
FN:329,(anonymous_9)
FN:369,(anonymous_10)
FN:398,(anonymous_11)
FN:442,(anonymous_12)
FNF:12
FNH:0
FNDA:0,(anonymous_1)
FNDA:0,(anonymous_2)
FNDA:0,(anonymous_3)
FNDA:0,(anonymous_4)
FNDA:0,(anonymous_5)
FNDA:0,(anonymous_6)
FNDA:0,(anonymous_7)
FNDA:0,(anonymous_8)
FNDA:0,(anonymous_9)
FNDA:0,(anonymous_10)
FNDA:0,(anonymous_11)
FNDA:0,(anonymous_12)
DA:2,1
DA:4,1
DA:5,1
DA:9,1
DA:22,0
DA:23,0
DA:26,0
DA:27,0
DA:33,0
DA:35,0
DA:41,0
DA:42,0
DA:48,0
DA:59,0
DA:68,0
DA:71,0
DA:72,0
DA:73,0
DA:74,0
DA:76,0
DA:84,0
DA:90,0
DA:101,0
DA:102,0
DA:104,0
DA:106,0
DA:112,0
DA:113,0
DA:119,0
DA:130,0
DA:131,0
DA:132,0
DA:135,0
DA:137,0
DA:139,0
DA:145,0
DA:146,0
DA:152,0
DA:153,0
DA:159,0
DA:170,0
DA:171,0
DA:173,0
DA:175,0
DA:180,0
DA:181,0
DA:187,0
DA:198,0
DA:199,0
DA:200,0
DA:202,0
DA:203,0
DA:209,0
DA:211,0
DA:217,0
DA:218,0
DA:224,0
DA:235,0
DA:237,0
DA:238,0
DA:239,0
DA:247,0
DA:248,0
DA:249,0
DA:255,0
DA:258,0
DA:259,0
DA:260,0
DA:261,0
DA:263,0
DA:265,0
DA:271,0
DA:272,0
DA:283,0
DA:285,0
DA:286,0
DA:287,0
DA:294,0
DA:295,0
DA:296,0
DA:302,0
DA:304,0
DA:306,0
DA:311,0
DA:312,0
DA:318,0
DA:319,0
DA:330,0
DA:331,0
DA:332,0
DA:333,0
DA:339,0
DA:341,0
DA:342,0
DA:348,0
DA:350,0
DA:358,0
DA:359,0
DA:370,0
DA:371,0
DA:372,0
DA:373,0
DA:379,0
DA:381,0
DA:387,0
DA:388,0
DA:399,0
DA:400,0
DA:401,0
DA:402,0
DA:408,0
DA:410,0
DA:411,0
DA:417,0
DA:419,0
DA:424,0
DA:425,0
DA:431,0
DA:432,0
DA:443,0
DA:444,0
DA:445,0
DA:448,0
DA:449,0
DA:451,0
DA:452,0
DA:458,0
DA:459,0
DA:461,0
DA:468,0
DA:474,0
DA:475,0
DA:481,0
DA:482,0
DA:488,1
DA:492,1
LF:136
LH:6
BRDA:26,0,0,0
BRDA:26,1,0,0
BRDA:26,1,1,0
BRDA:26,1,2,0
BRDA:26,1,3,0
BRDA:41,2,0,0
BRDA:41,3,0,0
BRDA:41,3,1,0
BRDA:61,4,0,0
BRDA:62,5,0,0
BRDA:63,6,0,0
BRDA:64,7,0,0
BRDA:72,8,0,0
BRDA:73,9,0,0
BRDA:74,10,0,0
BRDA:112,11,0,0
BRDA:145,12,0,0
BRDA:152,13,0,0
BRDA:180,14,0,0
BRDA:202,15,0,0
BRDA:213,16,0,0
BRDA:213,16,1,0
BRDA:217,17,0,0
BRDA:238,18,0,0
BRDA:248,19,0,0
BRDA:286,20,0,0
BRDA:295,21,0,0
BRDA:311,22,0,0
BRDA:332,23,0,0
BRDA:341,24,0,0
BRDA:372,25,0,0
BRDA:401,26,0,0
BRDA:410,27,0,0
BRDA:424,28,0,0
BRDA:445,29,0,0
BRDA:445,30,0,0
BRDA:451,31,0,0
BRDA:451,32,0,0
BRDA:451,32,1,0
BRDA:459,33,0,0
BRDA:474,34,0,0
BRF:41
BRH:0
end_of_record
TN:
SF:src/interfaces/user.interfaces.ts
FN:8,(anonymous_0)
FN:19,(anonymous_1)
FNF:2
FNH:2
FNDA:2,(anonymous_0)
FNDA:2,(anonymous_1)
DA:8,2
DA:9,2
DA:10,2
DA:11,2
DA:12,2
DA:13,2
DA:19,2
DA:20,2
DA:21,2
DA:22,2
LF:10
LH:10
BRDA:8,0,0,2
BRDA:8,0,1,2
BRDA:19,1,0,2
BRDA:19,1,1,2
BRF:4
BRH:4
end_of_record
TN:
SF:src/middlewares/auth.middleware.ts
FN:7,(anonymous_1)
FN:8,(anonymous_2)
FN:9,(anonymous_3)
FN:10,(anonymous_4)
FN:22,(anonymous_5)
FN:71,(anonymous_6)
FN:72,(anonymous_7)
FNF:7
FNH:1
FNDA:0,(anonymous_1)
FNDA:0,(anonymous_2)
FNDA:0,(anonymous_3)
FNDA:0,(anonymous_4)
FNDA:0,(anonymous_5)
FNDA:4,(anonymous_6)
FNDA:0,(anonymous_7)
DA:2,1
DA:6,1
DA:7,0
DA:8,0
DA:9,0
DA:10,0
DA:14,1
DA:22,1
DA:23,0
DA:25,0
DA:27,0
DA:28,0
DA:35,0
DA:37,0
DA:38,0
DA:45,0
DA:50,0
DA:56,0
DA:58,0
DA:60,0
DA:71,1
DA:72,4
DA:73,0
DA:74,0
DA:80,0
DA:81,0
DA:87,0
LF:27
LH:6
BRDA:14,0,0,1
BRDA:14,0,1,1
BRDA:27,1,0,0
BRDA:27,2,0,0
BRDA:27,2,1,0
BRDA:37,3,0,0
BRDA:73,4,0,0
BRDA:80,5,0,0
BRF:8
BRH:2
end_of_record
TN:
SF:src/mocks/bcrypt.ts
FNF:0
FNH:0
DA:4,1
LF:1
LH:1
BRF:0
BRH:0
end_of_record
TN:
SF:src/models/User.ts
FNF:0
FNH:0
DA:1,2
DA:2,2
DA:4,2
DA:107,2
DA:108,2
DA:109,2
DA:110,2
DA:111,2
DA:116,2
DA:118,2
LF:10
LH:10
BRF:0
BRH:0
end_of_record
TN:
SF:src/models/UserActivity.ts
FN:7,(anonymous_0)
FNF:1
FNH:1
FNDA:2,(anonymous_0)
DA:1,2
DA:7,2
DA:8,2
DA:9,2
DA:10,2
DA:11,2
DA:12,2
DA:13,2
DA:14,2
DA:15,2
DA:16,2
DA:17,2
DA:18,2
DA:19,2
DA:20,2
DA:21,2
DA:48,2
DA:84,2
DA:85,2
DA:87,2
DA:89,2
LF:21
LH:21
BRDA:7,0,0,2
BRDA:7,0,1,2
BRF:2
BRH:2
end_of_record
TN:
SF:src/models/UserDevice.ts
FN:6,(anonymous_0)
FNF:1
FNH:1
FNDA:3,(anonymous_0)
DA:1,3
DA:6,3
DA:7,3
DA:8,3
DA:9,3
DA:10,3
DA:51,3
DA:108,3
DA:109,3
DA:111,3
DA:113,3
LF:11
LH:11
BRDA:6,0,0,3
BRDA:6,0,1,3
BRF:2
BRH:2
end_of_record
TN:
SF:src/routes/monitoring.routes.ts
FNF:0
FNH:0
DA:6,1
DA:7,1
DA:9,1
DA:17,1
DA:25,1
DA:33,1
DA:41,1
DA:43,1
LF:8
LH:8
BRF:0
BRH:0
end_of_record
TN:
SF:src/routes/user.routes.ts
FN:12,(anonymous_10)
FN:15,(anonymous_11)
FN:16,(anonymous_12)
FNF:3
FNH:2
FNDA:16,(anonymous_10)
FNDA:12,(anonymous_11)
FNDA:0,(anonymous_12)
DA:1,1
DA:2,1
DA:3,1
DA:4,1
DA:5,1
DA:8,1
DA:12,16
DA:15,1
DA:16,12
DA:18,0
DA:24,1
DA:31,1
DA:42,1
DA:53,1
DA:60,1
DA:67,1
DA:78,1
DA:89,1
DA:104,1
DA:118,1
DA:128,1
DA:138,1
DA:148,1
DA:153,1
LF:24
LH:23
BRF:0
BRH:0
end_of_record
TN:
SF:src/services/user.service.ts
FN:29,(anonymous_10)
FN:32,(anonymous_11)
FN:51,(anonymous_12)
FN:69,(anonymous_13)
FN:92,(anonymous_14)
FN:104,(anonymous_15)
FN:130,(anonymous_16)
FN:132,(anonymous_17)
FN:153,(anonymous_18)
FN:201,(anonymous_19)
FN:222,(anonymous_20)
FN:247,(anonymous_21)
FN:263,(anonymous_22)
FN:297,(anonymous_23)
FN:333,(anonymous_24)
FN:367,(anonymous_25)
FN:400,(anonymous_26)
FN:443,(anonymous_27)
FN:465,(anonymous_28)
FNF:19
FNH:0
FNDA:0,(anonymous_10)
FNDA:0,(anonymous_11)
FNDA:0,(anonymous_12)
FNDA:0,(anonymous_13)
FNDA:0,(anonymous_14)
FNDA:0,(anonymous_15)
FNDA:0,(anonymous_16)
FNDA:0,(anonymous_17)
FNDA:0,(anonymous_18)
FNDA:0,(anonymous_19)
FNDA:0,(anonymous_20)
FNDA:0,(anonymous_21)
FNDA:0,(anonymous_22)
FNDA:0,(anonymous_23)
FNDA:0,(anonymous_24)
FNDA:0,(anonymous_25)
FNDA:0,(anonymous_26)
FNDA:0,(anonymous_27)
FNDA:0,(anonymous_28)
DA:1,1
DA:3,1
DA:4,1
DA:5,1
DA:6,1
DA:7,1
DA:18,1
DA:30,0
DA:32,0
DA:33,0
DA:41,0
DA:42,0
DA:43,0
DA:45,0
DA:50,0
DA:51,0
DA:53,0
DA:55,0
DA:56,0
DA:76,0
DA:77,0
DA:80,0
DA:81,0
DA:82,0
DA:88,0
DA:92,0
DA:93,0
DA:97,0
DA:100,0
DA:101,0
DA:104,0
DA:105,0
DA:112,0
DA:120,0
DA:121,0
DA:131,0
DA:132,0
DA:133,0
DA:136,0
DA:137,0
DA:140,0
DA:142,0
DA:143,0
DA:154,0
DA:156,0
DA:157,0
DA:162,0
DA:163,0
DA:165,0
DA:166,0
DA:168,0
DA:169,0
DA:170,0
DA:171,0
DA:172,0
DA:179,0
DA:185,0
DA:186,0
DA:189,0
DA:191,0
DA:192,0
DA:202,0
DA:203,0
DA:205,0
DA:206,0
DA:209,0
DA:211,0
DA:212,0
DA:223,0
DA:224,0
DA:230,0
DA:231,0
DA:234,0
DA:236,0
DA:237,0
DA:248,0
DA:250,0
DA:253,0
DA:263,0
DA:264,0
DA:265,0
DA:270,0
DA:276,0
DA:277,0
DA:281,0
DA:283,0
DA:285,0
DA:286,0
DA:298,0
DA:300,0
DA:302,0
DA:303,0
DA:307,0
DA:309,0
DA:310,0
DA:314,0
DA:315,0
DA:318,0
DA:320,0
DA:322,0
DA:323,0
DA:334,0
DA:336,0
DA:339,0
DA:345,0
DA:346,0
DA:350,0
DA:352,0
DA:354,0
DA:355,0
DA:373,0
DA:374,0
DA:383,0
DA:384,0
DA:386,0
DA:388,0
DA:406,0
DA:408,0
DA:411,0
DA:414,0
DA:417,0
DA:420,0
DA:425,0
DA:433,0
DA:434,0
DA:444,0
DA:446,0
DA:449,0
DA:452,0
DA:454,0
DA:455,0
DA:466,0
DA:468,0
DA:471,0
DA:476,0
DA:477,0
DA:481,0
DA:486,0
DA:488,0
DA:489,0
DA:495,1
DA:496,1
LF:142
LH:9
BRDA:41,0,0,0
BRDA:42,1,0,0
BRDA:42,1,1,0
BRDA:70,2,0,0
BRDA:71,3,0,0
BRDA:72,4,0,0
BRDA:73,5,0,0
BRDA:74,6,0,0
BRDA:80,7,0,0
BRDA:101,8,0,0
BRDA:101,8,1,0
BRDA:136,9,0,0
BRDA:156,10,0,0
BRDA:156,11,0,0
BRDA:156,11,1,0
BRDA:162,12,0,0
BRDA:163,13,0,0
BRDA:165,14,0,0
BRDA:168,15,0,0
BRDA:169,16,0,0
BRDA:169,16,1,0
BRDA:169,17,0,0
BRDA:169,17,1,0
BRDA:171,18,0,0
BRDA:171,19,0,0
BRDA:171,19,1,0
BRDA:185,20,0,0
BRDA:205,21,0,0
BRDA:230,22,0,0
BRDA:264,23,0,0
BRDA:276,24,0,0
BRDA:302,25,0,0
BRDA:309,26,0,0
BRDA:345,27,0,0
BRDA:371,28,0,0
BRDA:379,29,0,0
BRDA:379,29,1,0
BRDA:380,30,0,0
BRDA:380,30,1,0
BRDA:402,31,0,0
BRDA:403,32,0,0
BRDA:404,33,0,0
BRDA:476,34,0,0
BRF:43
BRH:0
end_of_record
TN:
SF:src/utils/performance.ts
FN:46,(anonymous_1)
FN:51,(anonymous_2)
FN:54,(anonymous_3)
FN:60,(anonymous_4)
FN:107,(anonymous_5)
FN:152,(anonymous_6)
FN:187,(anonymous_7)
FN:200,(anonymous_8)
FN:222,(anonymous_9)
FN:253,(anonymous_10)
FN:270,(anonymous_11)
FN:277,(anonymous_12)
FN:298,(anonymous_13)
FNF:13
FNH:10
FNDA:2,(anonymous_1)
FNDA:0,(anonymous_2)
FNDA:0,(anonymous_3)
FNDA:8,(anonymous_4)
FNDA:8,(anonymous_5)
FNDA:2,(anonymous_6)
FNDA:3,(anonymous_7)
FNDA:14,(anonymous_8)
FNDA:0,(anonymous_9)
FNDA:6,(anonymous_10)
FNDA:6,(anonymous_11)
FNDA:6,(anonymous_12)
FNDA:2,(anonymous_13)
DA:6,2
DA:8,2
DA:11,2
DA:48,2
DA:51,2
DA:54,2
DA:61,8
DA:97,8
DA:108,8
DA:111,8
DA:112,8
DA:113,8
DA:114,8
DA:115,8
DA:118,8
DA:119,7
DA:126,8
DA:127,8
DA:128,8
DA:133,8
DA:134,2
DA:138,8
DA:139,0
DA:154,2
DA:155,2
DA:156,2
DA:160,2
DA:161,2
DA:168,2
DA:169,2
DA:170,2
DA:175,2
DA:176,0
DA:188,3
DA:190,3
DA:191,3
DA:194,3
DA:202,14
DA:203,14
DA:204,14
DA:206,14
DA:207,14
DA:208,14
DA:209,14
DA:212,14
DA:213,14
DA:216,14
DA:223,0
DA:255,6
DA:257,6
DA:265,2
DA:270,2
DA:271,6
DA:274,6
DA:277,6
DA:278,6
DA:279,6
DA:282,6
DA:286,6
DA:289,6
DA:298,2
DA:299,2
DA:301,2
DA:302,2
DA:304,1
DA:305,1
DA:307,2
DA:308,2
DA:312,2
LF:69
LH:66
BRDA:118,0,0,7
BRDA:133,1,0,2
BRDA:138,2,0,0
BRDA:160,3,0,2
BRDA:175,4,0,0
BRDA:190,5,0,3
BRDA:279,6,0,6
BRDA:279,6,1,0
BRF:8
BRH:5
end_of_record
